#
# There is insufficient memory for the Java Runtime Environment to continue.
# Native memory allocation (mmap) failed to map 33058816 bytes for committing reserved memory.
# Possible reasons:
#   The system is out of physical RAM or swap space
#   The process is running with CompressedOops enabled, and the Java Heap may be blocking the growth of the native heap
# Possible solutions:
#   Reduce memory load on the system
#   Increase physical memory or swap space
#   Check if swap backing store is full
#   Decrease Java heap size (-Xmx/-Xms)
#   Decrease number of Java threads
#   Decrease Java thread stack sizes (-Xss)
#   Set larger code cache with -XX:ReservedCodeCacheSize=
#   JVM is running with Unscaled Compressed Oops mode in which the Java heap is
#     placed in the first 4GB address space. The Java Heap base address is the
#     maximum limit for the native heap growth. Please use -XX:HeapBaseMinAddress
#     to set the Java Heap base and to place the Java Heap above 4GB virtual address.
# This output file may be truncated or incomplete.
#
#  Out of Memory Error (os_linux.cpp:2757), pid=6196, tid=0x00007f8b41251700
#
# JRE version: OpenJDK Runtime Environment (8.0_222-b10) (build 1.8.0_222-8u222-b10-1ubuntu1~16.04.1-b10)
# Java VM: OpenJDK 64-Bit Server VM (25.222-b10 mixed mode linux-amd64 compressed oops)
# Failed to write core dump. Core dumps have been disabled. To enable core dumping, try "ulimit -c unlimited" before starting Java again
#

---------------  T H R E A D  ---------------

Current thread (0x00007f8b3c075800):  VMThread [stack: 0x00007f8b41151000,0x00007f8b41252000] [id=6210]

Stack: [0x00007f8b41151000,0x00007f8b41252000],  sp=0x00007f8b41250540,  free space=1021k
Native frames: (J=compiled Java code, j=interpreted, Vv=VM code, C=native code)
V  [libjvm.so+0xa7787b]
V  [libjvm.so+0x4caa8c]
V  [libjvm.so+0x8c5da8]
V  [libjvm.so+0x8bd3ee]
V  [libjvm.so+0xa73fd4]
V  [libjvm.so+0x5cf9dd]
V  [libjvm.so+0x5d057d]
V  [libjvm.so+0x5bcf68]
V  [libjvm.so+0x45135f]
V  [libjvm.so+0xa78991]
V  [libjvm.so+0xa7e587]
V  [libjvm.so+0xa7bde7]
V  [libjvm.so+0xa7d0cf]
V  [libjvm.so+0xa7d5f2]
V  [libjvm.so+0x8c3102]

VM_Operation (0x00007f8b08f3aec0): GenCollectForAllocation, mode: safepoint, requested by thread 0x00007f8b20030800


---------------  P R O C E S S  ---------------

Java Threads: ( => current thread )
  0x00007f8b20041000 JavaThread "block-manager-slave-async-thread-pool-3" daemon [_thread_blocked, id=6269, stack(0x00007f8b06e32000,0x00007f8b06f33000)]
  0x00007f8b28107800 JavaThread "Executor task launch worker for task 20" daemon [_thread_blocked, id=6266, stack(0x00007f8b07133000,0x00007f8b07234000)]
  0x00007f8b280f9800 JavaThread "task-result-getter-3" daemon [_thread_blocked, id=6265, stack(0x00007f8b07834000,0x00007f8b07935000)]
  0x00007f8b280f7800 JavaThread "task-result-getter-2" daemon [_thread_blocked, id=6264, stack(0x00007f8b07935000,0x00007f8b07a36000)]
  0x00007f8b18006000 JavaThread "block-manager-slave-async-thread-pool-2" daemon [_thread_blocked, id=6263, stack(0x00007f8b08636000,0x00007f8b08737000)]
  0x00007f8b18004000 JavaThread "block-manager-slave-async-thread-pool-1" daemon [_thread_blocked, id=6262, stack(0x00007f8b08737000,0x00007f8b08838000)]
  0x00007f8b2003c800 JavaThread "block-manager-ask-thread-pool-0" daemon [_thread_blocked, id=6261, stack(0x00007f8b08838000,0x00007f8b08939000)]
  0x00007f8b280e6000 JavaThread "block-manager-slave-async-thread-pool-0" daemon [_thread_blocked, id=6260, stack(0x00007f8b08939000,0x00007f8b08a3a000)]
  0x00007f8b280df800 JavaThread "task-result-getter-1" daemon [_thread_blocked, id=6259, stack(0x00007f8b08a3a000,0x00007f8b08b3b000)]
  0x00007f8b20033000 JavaThread "task-result-getter-0" daemon [_thread_blocked, id=6258, stack(0x00007f8b08d3b000,0x00007f8b08e3c000)]
  0x00007f8b20030800 JavaThread "Executor task launch worker for task 21" daemon [_thread_blocked, id=6257, stack(0x00007f8b08e3c000,0x00007f8b08f3d000)]
  0x00007f8b1de42800 JavaThread "org.apache.hadoop.fs.FileSystem$Statistics$StatisticsDataReferenceCleaner" daemon [_thread_blocked, id=6256, stack(0x00007f8b0954a000,0x00007f8b0964b000)]
  0x00007f8b1cefe800 JavaThread "SparkListenerBus" daemon [_thread_blocked, id=6254, stack(0x00007f8b09c67000,0x00007f8b09d68000)]
  0x00007f8b1cefc800 JavaThread "context-cleaner-periodic-gc" daemon [_thread_blocked, id=6253, stack(0x00007f8b09d68000,0x00007f8b09e69000)]
  0x00007f8b1cefb000 JavaThread "Spark Context Cleaner" daemon [_thread_blocked, id=6252, stack(0x00007f8b09e69000,0x00007f8b09f6a000)]
  0x00007f8b1cb79800 JavaThread "shuffle-server-5-1" daemon [_thread_in_native, id=6251, stack(0x00007f8b0a16a000,0x00007f8b0a26b000)]
  0x00007f8b1cc1a800 JavaThread "driver-heartbeater" daemon [_thread_blocked, id=6250, stack(0x00007f8b0a26b000,0x00007f8b0a36c000)]
  0x00007f8b1cb87800 JavaThread "dag-scheduler-event-loop" daemon [_thread_blocked, id=6249, stack(0x00007f8b0a36c000,0x00007f8b0a46d000)]
  0x00000000021f9800 JavaThread "netty-rpc-env-timeout" daemon [_thread_blocked, id=6248, stack(0x00007f8b0a46d000,0x00007f8b0a56e000)]
  0x00007f8b1cb64000 JavaThread "Timer-0" daemon [_thread_blocked, id=6247, stack(0x00007f8b0a56e000,0x00007f8b0a66f000)]
  0x00007f8b2806b000 JavaThread "heartbeat-receiver-event-loop-thread" daemon [_thread_blocked, id=6246, stack(0x00007f8b0a66f000,0x00007f8b0a770000)]
  0x00007f8b1cb71800 JavaThread "SparkUI-37" daemon [_thread_blocked, id=6245, stack(0x00007f8b0a770000,0x00007f8b0a871000)]
  0x00007f8b1cb6f800 JavaThread "SparkUI-36" daemon [_thread_blocked, id=6244, stack(0x00007f8b0a871000,0x00007f8b0a972000)]
  0x00007f8b1cb6d800 JavaThread "SparkUI-35" daemon [_thread_blocked, id=6243, stack(0x00007f8b0a972000,0x00007f8b0aa73000)]
  0x00007f8b1cb6b800 JavaThread "SparkUI-34" daemon [_thread_blocked, id=6242, stack(0x00007f8b0aa73000,0x00007f8b0ab74000)]
  0x00007f8b1cb69800 JavaThread "SparkUI-33" daemon [_thread_blocked, id=6241, stack(0x00007f8b0ab74000,0x00007f8b0ac75000)]
  0x00007f8b1cb99000 JavaThread "SparkUI-32" daemon [_thread_blocked, id=6240, stack(0x00007f8b0ac75000,0x00007f8b0ad76000)]
  0x00007f8b1c8f9000 JavaThread "SparkUI-31-acceptor-0@48da8d57-Spark@461d6a3c{HTTP/1.1}{0.0.0.0:4040}" daemon [_thread_in_native, id=6239, stack(0x00007f8b0ad76000,0x00007f8b0ae77000)]
  0x00007f8b1cb97800 JavaThread "SparkUI-30-selector-ServerConnectorManager@5472fdc5/0" daemon [_thread_in_native, id=6238, stack(0x00007f8b0ae77000,0x00007f8b0af78000)]
  0x00007f8b1c88c800 JavaThread "refresh progress" daemon [_thread_blocked, id=6236, stack(0x00007f8b0b178000,0x00007f8b0b279000)]
  0x00007f8b1c852000 JavaThread "map-output-dispatcher-7" daemon [_thread_blocked, id=6235, stack(0x00007f8b0b528000,0x00007f8b0b629000)]
  0x00007f8b1c850800 JavaThread "map-output-dispatcher-6" daemon [_thread_blocked, id=6234, stack(0x00007f8b0b629000,0x00007f8b0b72a000)]
  0x00007f8b1c84f000 JavaThread "map-output-dispatcher-5" daemon [_thread_blocked, id=6233, stack(0x00007f8b0b72a000,0x00007f8b0b82b000)]
  0x00007f8b1c7c4800 JavaThread "map-output-dispatcher-4" daemon [_thread_blocked, id=6232, stack(0x00007f8b0b82b000,0x00007f8b0b92c000)]
  0x00007f8b1c7c3800 JavaThread "map-output-dispatcher-3" daemon [_thread_blocked, id=6231, stack(0x00007f8b0b92c000,0x00007f8b0ba2d000)]
  0x00007f8b1c808000 JavaThread "map-output-dispatcher-2" daemon [_thread_blocked, id=6230, stack(0x00007f8b0ba2d000,0x00007f8b0bb2e000)]
  0x00007f8b1c807000 JavaThread "map-output-dispatcher-1" daemon [_thread_blocked, id=6229, stack(0x00007f8b0bb2e000,0x00007f8b0bc2f000)]
  0x00007f8b1c80d800 JavaThread "map-output-dispatcher-0" daemon [_thread_blocked, id=6228, stack(0x00007f8b0bc2f000,0x00007f8b0bd30000)]
  0x00007f8b1c6d9800 JavaThread "rpc-server-3-1" daemon [_thread_in_native, id=6227, stack(0x00007f8b0bd30000,0x00007f8b0be31000)]
  0x00007f8b1c1bb000 JavaThread "dispatcher-event-loop-1" daemon [_thread_blocked, id=6225, stack(0x00007f8b0c243000,0x00007f8b0c344000)]
  0x00007f8b1c0fe000 JavaThread "dispatcher-event-loop-0" daemon [_thread_blocked, id=6224, stack(0x00007f8b2c078000,0x00007f8b2c179000)]
  0x00007f8b1c37c000 JavaThread "process reaper" daemon [_thread_blocked, id=6222, stack(0x00007f8b2c179000,0x00007f8b2c1b2000)]
  0x00007f8b102cc800 JavaThread "Thread-2" [_thread_blocked, id=6220, stack(0x00007f8b2c3bc000,0x00007f8b2c4bd000)]
  0x00007f8b3ce09000 JavaThread "Thread-1" [_thread_in_native, id=6219, stack(0x00007f8b2c4bd000,0x00007f8b2c5be000)]
  0x00007f8b3cdf9000 JavaThread "pool-1-thread-1" [_thread_blocked, id=6218, stack(0x00007f8b2c7be000,0x00007f8b2c8bf000)]
  0x00007f8b3c0bb000 JavaThread "Service Thread" daemon [_thread_blocked, id=6216, stack(0x00007f8b409b3000,0x00007f8b40ab4000)]
  0x00007f8b3c0b8000 JavaThread "C1 CompilerThread1" daemon [_thread_blocked, id=6215, stack(0x00007f8b40ab4000,0x00007f8b40bb5000)]
  0x00007f8b3c0b5800 JavaThread "C2 CompilerThread0" daemon [_thread_blocked, id=6214, stack(0x00007f8b40bb5000,0x00007f8b40cb6000)]
  0x00007f8b3c0b4000 JavaThread "Signal Dispatcher" daemon [_thread_blocked, id=6213, stack(0x00007f8b40cb6000,0x00007f8b40db7000)]
  0x00007f8b3c082000 JavaThread "Finalizer" daemon [_thread_blocked, id=6212, stack(0x00007f8b40f4f000,0x00007f8b41050000)]
  0x00007f8b3c07f800 JavaThread "Reference Handler" daemon [_thread_blocked, id=6211, stack(0x00007f8b41050000,0x00007f8b41151000)]
  0x00007f8b3c011800 JavaThread "main" [_thread_in_native, id=6209, stack(0x00007f8b45957000,0x00007f8b45a58000)]

Other Threads:
=>0x00007f8b3c075800 VMThread [stack: 0x00007f8b41151000,0x00007f8b41252000] [id=6210]
  0x00007f8b3c0be000 WatcherThread [stack: 0x00007f8b408b2000,0x00007f8b409b3000] [id=6217]

VM state:at safepoint (normal execution)

VM Mutex/Monitor currently owned by a thread:  ([mutex/lock_event])
[0x00007f8b3c00def0] Threads_lock - owner thread: 0x00007f8b3c075800
[0x00007f8b3c00e3f0] Heap_lock - owner thread: 0x00007f8b20030800

heap address: 0x00000000c0000000, size: 1024 MB, Compressed Oops mode: 32-bit
Narrow klass base: 0x0000000000000000, Narrow klass shift: 3
Compressed class space size: 1073741824 Address: 0x0000000100000000

Heap:
 def new generation   total 31616K, used 0K [0x00000000c0000000, 0x00000000c2240000, 0x00000000d5550000)
  eden space 28160K,   0% used [0x00000000c0000000, 0x00000000c0000000, 0x00000000c1b80000)
  from space 3456K,   0% used [0x00000000c1ee0000, 0x00000000c1ee0000, 0x00000000c2240000)
  to   space 3456K,   0% used [0x00000000c1b80000, 0x00000000c1b80000, 0x00000000c1ee0000)
 tenured generation   total 86372K, used 71192K [0x00000000d5550000, 0x00000000da9a9000, 0x0000000100000000)
   the space 86372K,  82% used [0x00000000d5550000, 0x00000000d9ad6110, 0x00000000d9ad6200, 0x00000000da9a9000)
 Metaspace       used 68105K, capacity 68910K, committed 68952K, reserved 1107968K
  class space    used 9836K, capacity 10034K, committed 10072K, reserved 1048576K

Card table byte_map: [0x00007f8b41dee000,0x00007f8b41fef000] byte_map_base: 0x00007f8b417ee000

Polling page: 0x00007f8b45a63000

CodeCache: size=245760Kb used=18624Kb max_used=18809Kb free=227135Kb
 bounds [0x00007f8b2d000000, 0x00007f8b2e280000, 0x00007f8b3c000000]
 total_blobs=7192 nmethods=6594 adapters=509
 compilation: enabled

Compilation events (10 events):
Event: 20.600 Thread 0x00007f8b3c0b8000 7606       2       org.apache.spark.sql.catalyst.expressions.UnsafeRow::anyNull (20 bytes)
Event: 20.600 Thread 0x00007f8b3c0b8000 nmethod 7606 0x00007f8b2d27dc50 code [0x00007f8b2d27ddc0, 0x00007f8b2d27df60]
Event: 20.600 Thread 0x00007f8b3c0b8000 7607       2       org.apache.spark.util.collection.BitSet::capacity (8 bytes)
Event: 20.600 Thread 0x00007f8b3c0b8000 nmethod 7607 0x00007f8b2d4977d0 code [0x00007f8b2d497920, 0x00007f8b2d497a70]
Event: 20.600 Thread 0x00007f8b3c0b8000 7608       2       org.apache.spark.util.collection.BitSet::clearUntil (48 bytes)
Event: 20.600 Thread 0x00007f8b3c0b8000 nmethod 7608 0x00007f8b2d497110 code [0x00007f8b2d497280, 0x00007f8b2d497500]
Event: 20.601 Thread 0x00007f8b3c0b8000 7609       2       java.util.LinkedList$ListItr::next (56 bytes)
Event: 20.601 Thread 0x00007f8b3c0b8000 nmethod 7609 0x00007f8b2dcdd990 code [0x00007f8b2dcddb20, 0x00007f8b2dcdde30]
Event: 20.602 Thread 0x00007f8b3c0b8000 7610       2       org.apache.spark.memory.TaskMemoryManager::getOffsetInPage (86 bytes)
Event: 20.602 Thread 0x00007f8b3c0b8000 nmethod 7610 0x00007f8b2d1af7d0 code [0x00007f8b2d1af940, 0x00007f8b2d1afb10]

GC Heap History (10 events):
Event: 19.985 GC heap after
Heap after GC invocations=180 (full 13):
 def new generation   total 31616K, used 0K [0x00000000c0000000, 0x00000000c2240000, 0x00000000d5550000)
  eden space 28160K,   0% used [0x00000000c0000000, 0x00000000c0000000, 0x00000000c1b80000)
  from space 3456K,   0% used [0x00000000c1b80000, 0x00000000c1b80000, 0x00000000c1ee0000)
  to   space 3456K,   0% used [0x00000000c1ee0000, 0x00000000c1ee0000, 0x00000000c2240000)
 tenured generation   total 69984K, used 36348K [0x00000000d5550000, 0x00000000d99a8000, 0x0000000100000000)
   the space 69984K,  51% used [0x00000000d5550000, 0x00000000d78cf068, 0x00000000d78cf200, 0x00000000d99a8000)
 Metaspace       used 67806K, capacity 68556K, committed 68696K, reserved 1107968K
  class space    used 9810K, capacity 10011K, committed 10072K, reserved 1048576K
}
Event: 20.107 GC heap before
{Heap before GC invocations=180 (full 13):
 def new generation   total 31616K, used 28160K [0x00000000c0000000, 0x00000000c2240000, 0x00000000d5550000)
  eden space 28160K, 100% used [0x00000000c0000000, 0x00000000c1b80000, 0x00000000c1b80000)
  from space 3456K,   0% used [0x00000000c1b80000, 0x00000000c1b80000, 0x00000000c1ee0000)
  to   space 3456K,   0% used [0x00000000c1ee0000, 0x00000000c1ee0000, 0x00000000c2240000)
 tenured generation   total 69984K, used 36348K [0x00000000d5550000, 0x00000000d99a8000, 0x0000000100000000)
   the space 69984K,  51% used [0x00000000d5550000, 0x00000000d78cf068, 0x00000000d78cf200, 0x00000000d99a8000)
 Metaspace       used 67836K, capacity 68630K, committed 68696K, reserved 1107968K
  class space    used 9811K, capacity 10013K, committed 10072K, reserved 1048576K
Event: 20.110 GC heap after
Heap after GC invocations=181 (full 13):
 def new generation   total 31616K, used 1662K [0x00000000c0000000, 0x00000000c2240000, 0x00000000d5550000)
  eden space 28160K,   0% used [0x00000000c0000000, 0x00000000c0000000, 0x00000000c1b80000)
  from space 3456K,  48% used [0x00000000c1ee0000, 0x00000000c207fa48, 0x00000000c2240000)
  to   space 3456K,   0% used [0x00000000c1b80000, 0x00000000c1b80000, 0x00000000c1ee0000)
 tenured generation   total 69984K, used 36348K [0x00000000d5550000, 0x00000000d99a8000, 0x0000000100000000)
   the space 69984K,  51% used [0x00000000d5550000, 0x00000000d78cf068, 0x00000000d78cf200, 0x00000000d99a8000)
 Metaspace       used 67836K, capacity 68630K, committed 68696K, reserved 1107968K
  class space    used 9811K, capacity 10013K, committed 10072K, reserved 1048576K
}
Event: 20.186 GC heap before
{Heap before GC invocations=181 (full 13):
 def new generation   total 31616K, used 29822K [0x00000000c0000000, 0x00000000c2240000, 0x00000000d5550000)
  eden space 28160K, 100% used [0x00000000c0000000, 0x00000000c1b80000, 0x00000000c1b80000)
  from space 3456K,  48% used [0x00000000c1ee0000, 0x00000000c207fa48, 0x00000000c2240000)
  to   space 3456K,   0% used [0x00000000c1b80000, 0x00000000c1b80000, 0x00000000c1ee0000)
 tenured generation   total 69984K, used 36348K [0x00000000d5550000, 0x00000000d99a8000, 0x0000000100000000)
   the space 69984K,  51% used [0x00000000d5550000, 0x00000000d78cf068, 0x00000000d78cf200, 0x00000000d99a8000)
 Metaspace       used 67837K, capacity 68630K, committed 68696K, reserved 1107968K
  class space    used 9811K, capacity 10013K, committed 10072K, reserved 1048576K
Event: 20.189 GC heap after
Heap after GC invocations=182 (full 13):
 def new generation   total 31616K, used 502K [0x00000000c0000000, 0x00000000c2240000, 0x00000000d5550000)
  eden space 28160K,   0% used [0x00000000c0000000, 0x00000000c0000000, 0x00000000c1b80000)
  from space 3456K,  14% used [0x00000000c1b80000, 0x00000000c1bfda18, 0x00000000c1ee0000)
  to   space 3456K,   0% used [0x00000000c1ee0000, 0x00000000c1ee0000, 0x00000000c2240000)
 tenured generation   total 69984K, used 36348K [0x00000000d5550000, 0x00000000d99a8000, 0x0000000100000000)
   the space 69984K,  51% used [0x00000000d5550000, 0x00000000d78cf068, 0x00000000d78cf200, 0x00000000d99a8000)
 Metaspace       used 67837K, capacity 68630K, committed 68696K, reserved 1107968K
  class space    used 9811K, capacity 10013K, committed 10072K, reserved 1048576K
}
Event: 20.323 GC heap before
{Heap before GC invocations=182 (full 13):
 def new generation   total 31616K, used 27057K [0x00000000c0000000, 0x00000000c2240000, 0x00000000d5550000)
  eden space 28160K,  94% used [0x00000000c0000000, 0x00000000c19eecc8, 0x00000000c1b80000)
  from space 3456K,  14% used [0x00000000c1b80000, 0x00000000c1bfda18, 0x00000000c1ee0000)
  to   space 3456K,   0% used [0x00000000c1ee0000, 0x00000000c1ee0000, 0x00000000c2240000)
 tenured generation   total 69984K, used 36348K [0x00000000d5550000, 0x00000000d99a8000, 0x0000000100000000)
   the space 69984K,  51% used [0x00000000d5550000, 0x00000000d78cf068, 0x00000000d78cf200, 0x00000000d99a8000)
 Metaspace       used 67930K, capacity 68706K, committed 68952K, reserved 1107968K
  class space    used 9814K, capacity 10017K, committed 10072K, reserved 1048576K
Event: 20.330 GC heap after
Heap after GC invocations=183 (full 13):
 def new generation   total 31616K, used 712K [0x00000000c0000000, 0x00000000c2240000, 0x00000000d5550000)
  eden space 28160K,   0% used [0x00000000c0000000, 0x00000000c0000000, 0x00000000c1b80000)
  from space 3456K,  20% used [0x00000000c1ee0000, 0x00000000c1f921d8, 0x00000000c2240000)
  to   space 3456K,   0% used [0x00000000c1b80000, 0x00000000c1b80000, 0x00000000c1ee0000)
 tenured generation   total 69984K, used 52732K [0x00000000d5550000, 0x00000000d99a8000, 0x0000000100000000)
   the space 69984K,  75% used [0x00000000d5550000, 0x00000000d88cf078, 0x00000000d88cf200, 0x00000000d99a8000)
 Metaspace       used 67930K, capacity 68706K, committed 68952K, reserved 1107968K
  class space    used 9814K, capacity 10017K, committed 10072K, reserved 1048576K
}
Event: 20.454 GC heap before
{Heap before GC invocations=183 (full 13):
 def new generation   total 31616K, used 24638K [0x00000000c0000000, 0x00000000c2240000, 0x00000000d5550000)
  eden space 28160K,  84% used [0x00000000c0000000, 0x00000000c175d9f8, 0x00000000c1b80000)
  from space 3456K,  20% used [0x00000000c1ee0000, 0x00000000c1f921d8, 0x00000000c2240000)
  to   space 3456K,   0% used [0x00000000c1b80000, 0x00000000c1b80000, 0x00000000c1ee0000)
 tenured generation   total 69984K, used 52732K [0x00000000d5550000, 0x00000000d99a8000, 0x0000000100000000)
   the space 69984K,  75% used [0x00000000d5550000, 0x00000000d88cf078, 0x00000000d88cf200, 0x00000000d99a8000)
 Metaspace       used 68038K, capacity 68804K, committed 68952K, reserved 1107968K
  class space    used 9830K, capacity 10027K, committed 10072K, reserved 1048576K
Event: 20.461 GC heap after
Heap after GC invocations=184 (full 13):
 def new generation   total 31616K, used 1038K [0x00000000c0000000, 0x00000000c2240000, 0x00000000d5550000)
  eden space 28160K,   0% used [0x00000000c0000000, 0x00000000c0000000, 0x00000000c1b80000)
  from space 3456K,  30% used [0x00000000c1b80000, 0x00000000c1c83990, 0x00000000c1ee0000)
  to   space 3456K,   0% used [0x00000000c1ee0000, 0x00000000c1ee0000, 0x00000000c2240000)
 tenured generation   total 69984K, used 69116K [0x00000000d5550000, 0x00000000d99a8000, 0x0000000100000000)
   the space 69984K,  98% used [0x00000000d5550000, 0x00000000d98cf088, 0x00000000d98cf200, 0x00000000d99a8000)
 Metaspace       used 68038K, capacity 68804K, committed 68952K, reserved 1107968K
  class space    used 9830K, capacity 10027K, committed 10072K, reserved 1048576K
}
Event: 20.602 GC heap before
{Heap before GC invocations=184 (full 13):
 def new generation   total 31616K, used 29198K [0x00000000c0000000, 0x00000000c2240000, 0x00000000d5550000)
  eden space 28160K, 100% used [0x00000000c0000000, 0x00000000c1b80000, 0x00000000c1b80000)
  from space 3456K,  30% used [0x00000000c1b80000, 0x00000000c1c83990, 0x00000000c1ee0000)
  to   space 3456K,   0% used [0x00000000c1ee0000, 0x00000000c1ee0000, 0x00000000c2240000)
 tenured generation   total 69984K, used 69116K [0x00000000d5550000, 0x00000000d99a8000, 0x0000000100000000)
   the space 69984K,  98% used [0x00000000d5550000, 0x00000000d98cf088, 0x00000000d98cf200, 0x00000000d99a8000)
 Metaspace       used 68105K, capacity 68910K, committed 68952K, reserved 1107968K
  class space    used 9836K, capacity 10034K, committed 10072K, reserved 1048576K

Deoptimization events (10 events):
Event: 20.366 Thread 0x00007f8b28107800 Uncommon trap: reason=bimorphic action=maybe_recompile pc=0x00007f8b2dad8078 method=org.apache.spark.sql.catalyst.trees.TreeNode.mapChildren(Lscala/Function1;)Lorg/apache/spark/sql/catalyst/trees/TreeNode; @ 4
Event: 20.367 Thread 0x00007f8b28107800 Uncommon trap: reason=bimorphic action=maybe_recompile pc=0x00007f8b2dfe0024 method=org.apache.spark.sql.catalyst.trees.TreeNode.mapChildren(Lscala/Function1;)Lorg/apache/spark/sql/catalyst/trees/TreeNode; @ 4
Event: 20.437 Thread 0x00007f8b1c88c800 Uncommon trap: reason=array_check action=maybe_recompile pc=0x00007f8b2e216760 method=scala.collection.mutable.ArrayBuilder$ofRef.$plus$eq(Ljava/lang/Object;)Lscala/collection/mutable/ArrayBuilder$ofRef; @ 19
Event: 20.453 Thread 0x00007f8b28107800 Uncommon trap: reason=unstable_if action=reinterpret pc=0x00007f8b2d4aad68 method=org.apache.spark.unsafe.hash.Murmur3_x86_32.hashUnsafeBytes(Ljava/lang/Object;JII)I @ 45
Event: 20.482 Thread 0x00007f8b28107800 Uncommon trap: reason=bimorphic action=maybe_recompile pc=0x00007f8b2d4f4ff0 method=org.apache.spark.sql.execution.exchange.ShuffleExchange$$anonfun$org$apache$spark$sql$execution$exchange$ShuffleExchange$$getPartitionKeyExtractor$1$2.apply(Lorg/apache/sp
Event: 20.486 Thread 0x00007f8b28107800 Uncommon trap: reason=bimorphic action=maybe_recompile pc=0x00007f8b2d4f4ff0 method=org.apache.spark.sql.execution.exchange.ShuffleExchange$$anonfun$org$apache$spark$sql$execution$exchange$ShuffleExchange$$getPartitionKeyExtractor$1$2.apply(Lorg/apache/sp
Event: 20.528 Thread 0x00007f8b20030800 Uncommon trap: reason=bimorphic action=maybe_recompile pc=0x00007f8b2d4f4ff0 method=org.apache.spark.sql.execution.exchange.ShuffleExchange$$anonfun$org$apache$spark$sql$execution$exchange$ShuffleExchange$$getPartitionKeyExtractor$1$2.apply(Lorg/apache/sp
Event: 20.528 Thread 0x00007f8b20030800 Uncommon trap: reason=bimorphic action=maybe_recompile pc=0x00007f8b2d4f4ff0 method=org.apache.spark.sql.execution.exchange.ShuffleExchange$$anonfun$org$apache$spark$sql$execution$exchange$ShuffleExchange$$getPartitionKeyExtractor$1$2.apply(Lorg/apache/sp
Event: 20.566 Thread 0x00007f8b28107800 Uncommon trap: reason=bimorphic action=maybe_recompile pc=0x00007f8b2e22699c method=org.apache.spark.sql.execution.exchange.ShuffleExchange$$anonfun$org$apache$spark$sql$execution$exchange$ShuffleExchange$$getPartitionKeyExtractor$1$2.apply(Lorg/apache/sp
Event: 20.566 Thread 0x00007f8b28107800 Uncommon trap: reason=bimorphic action=maybe_recompile pc=0x00007f8b2d25f3c8 method=org.apache.spark.sql.execution.exchange.ShuffleExchange$$anonfun$org$apache$spark$sql$execution$exchange$ShuffleExchange$$getPartitionKeyExtractor$1$2.apply(Lorg/apache/sp

Classes redefined (0 events):
No events

Internal exceptions (10 events):
Event: 19.730 Thread 0x00007f8b102cc800 Exception <a 'java/lang/NoSuchMethodError': <clinit>> (0x00000000c136f818) thrown at [/build/openjdk-8-g3XteX/openjdk-8-8u222-b10/src/hotspot/src/share/vm/prims/jni.cpp, line 1615]
Event: 19.734 Thread 0x00007f8b102cc800 Exception <a 'java/lang/NoSuchMethodError': <clinit>> (0x00000000c138a2b8) thrown at [/build/openjdk-8-g3XteX/openjdk-8-8u222-b10/src/hotspot/src/share/vm/prims/jni.cpp, line 1615]
Event: 19.735 Thread 0x00007f8b102cc800 Exception <a 'java/lang/NoSuchMethodError': <clinit>> (0x00000000c13b73e8) thrown at [/build/openjdk-8-g3XteX/openjdk-8-8u222-b10/src/hotspot/src/share/vm/prims/jni.cpp, line 1615]
Event: 19.740 Thread 0x00007f8b102cc800 Exception <a 'java/lang/NoSuchMethodError': <clinit>> (0x00000000c13cf2c0) thrown at [/build/openjdk-8-g3XteX/openjdk-8-8u222-b10/src/hotspot/src/share/vm/prims/jni.cpp, line 1615]
Event: 19.741 Thread 0x00007f8b102cc800 Exception <a 'java/lang/NoSuchMethodError': <clinit>> (0x00000000c13e8478) thrown at [/build/openjdk-8-g3XteX/openjdk-8-8u222-b10/src/hotspot/src/share/vm/prims/jni.cpp, line 1615]
Event: 19.742 Thread 0x00007f8b102cc800 Exception <a 'java/lang/NoSuchMethodError': <clinit>> (0x00000000c1406d08) thrown at [/build/openjdk-8-g3XteX/openjdk-8-8u222-b10/src/hotspot/src/share/vm/prims/jni.cpp, line 1615]
Event: 19.743 Thread 0x00007f8b102cc800 Exception <a 'java/lang/NoSuchMethodError': <clinit>> (0x00000000c1429be0) thrown at [/build/openjdk-8-g3XteX/openjdk-8-8u222-b10/src/hotspot/src/share/vm/prims/jni.cpp, line 1615]
Event: 19.752 Thread 0x00007f8b102cc800 Exception <a 'java/lang/NoSuchMethodError': <clinit>> (0x00000000c1460e48) thrown at [/build/openjdk-8-g3XteX/openjdk-8-8u222-b10/src/hotspot/src/share/vm/prims/jni.cpp, line 1615]
Event: 19.753 Thread 0x00007f8b102cc800 Exception <a 'java/lang/NoSuchMethodError': <clinit>> (0x00000000c14829f0) thrown at [/build/openjdk-8-g3XteX/openjdk-8-8u222-b10/src/hotspot/src/share/vm/prims/jni.cpp, line 1615]
Event: 19.754 Thread 0x00007f8b102cc800 Exception <a 'java/lang/NoSuchMethodError': <clinit>> (0x00000000c1496800) thrown at [/build/openjdk-8-g3XteX/openjdk-8-8u222-b10/src/hotspot/src/share/vm/prims/jni.cpp, line 1615]

Events (10 events):
Event: 20.566 Thread 0x00007f8b28107800 DEOPT PACKING pc=0x00007f8b2e22699c sp=0x00007f8b072321f0
Event: 20.566 Thread 0x00007f8b28107800 DEOPT UNPACKING pc=0x00007f8b2d04547a sp=0x00007f8b07232120 mode 2
Event: 20.566 Thread 0x00007f8b28107800 Uncommon trap: trap_request=0xffffffc6 fr.pc=0x00007f8b2d25f3c8
Event: 20.566 Thread 0x00007f8b28107800 DEOPT PACKING pc=0x00007f8b2d25f3c8 sp=0x00007f8b07232190
Event: 20.566 Thread 0x00007f8b28107800 DEOPT UNPACKING pc=0x00007f8b2d04547a sp=0x00007f8b07232120 mode 2
Event: 20.575 Executing VM operation: RevokeBias
Event: 20.575 Executing VM operation: RevokeBias done
Event: 20.575 Thread 0x00007f8b28107800 DEOPT PACKING pc=0x00007f8b2d241307 sp=0x00007f8b072325a0
Event: 20.575 Thread 0x00007f8b28107800 DEOPT UNPACKING pc=0x00007f8b2d0474c4 sp=0x00007f8b07232380 mode 0
Event: 20.602 Executing VM operation: GenCollectForAllocation


Dynamic libraries:
00400000-00401000 r-xp 00000000 ca:01 286273                             /usr/lib/jvm/java-8-openjdk-amd64/jre/bin/java
00600000-00601000 r--p 00000000 ca:01 286273                             /usr/lib/jvm/java-8-openjdk-amd64/jre/bin/java
00601000-00602000 rw-p 00001000 ca:01 286273                             /usr/lib/jvm/java-8-openjdk-amd64/jre/bin/java
021d6000-02218000 rw-p 00000000 00:00 0                                  [heap]
c0000000-c2240000 rw-p 00000000 00:00 0 
c2240000-d5550000 ---p 00000000 00:00 0 
d5550000-da9a9000 rw-p 00000000 00:00 0 
dc930000-100000000 ---p 00000000 00:00 0 
100000000-1009d6000 rw-p 00000000 00:00 0 
1009d6000-140000000 ---p 00000000 00:00 0 
7f8b06c32000-7f8b06db2000 rw-p 00000000 00:00 0 
7f8b06db2000-7f8b06e32000 ---p 00000000 00:00 0 
7f8b06e32000-7f8b06e35000 ---p 00000000 00:00 0 
7f8b06e35000-7f8b07133000 rw-p 00000000 00:00 0 
7f8b07133000-7f8b07136000 ---p 00000000 00:00 0 
7f8b07136000-7f8b07434000 rw-p 00000000 00:00 0 
7f8b07434000-7f8b07634000 rw-p 00000000 00:00 0 
7f8b07634000-7f8b07834000 rw-p 00000000 00:00 0 
7f8b07834000-7f8b07837000 ---p 00000000 00:00 0 
7f8b07837000-7f8b07935000 rw-p 00000000 00:00 0 
7f8b07935000-7f8b07938000 ---p 00000000 00:00 0 
7f8b07938000-7f8b07c36000 rw-p 00000000 00:00 0 
7f8b07c36000-7f8b07e36000 rw-p 00000000 00:00 0 
7f8b07e36000-7f8b08036000 rw-p 00000000 00:00 0 
7f8b08036000-7f8b08236000 rw-p 00000000 00:00 0 
7f8b08236000-7f8b08436000 rw-p 00000000 00:00 0 
7f8b08436000-7f8b08636000 rw-p 00000000 00:00 0 
7f8b08636000-7f8b08639000 ---p 00000000 00:00 0 
7f8b08639000-7f8b08737000 rw-p 00000000 00:00 0 
7f8b08737000-7f8b0873a000 ---p 00000000 00:00 0 
7f8b0873a000-7f8b08838000 rw-p 00000000 00:00 0 
7f8b08838000-7f8b0883b000 ---p 00000000 00:00 0 
7f8b0883b000-7f8b08939000 rw-p 00000000 00:00 0 
7f8b08939000-7f8b0893c000 ---p 00000000 00:00 0 
7f8b0893c000-7f8b08a3a000 rw-p 00000000 00:00 0 
7f8b08a3a000-7f8b08a3d000 ---p 00000000 00:00 0 
7f8b08a3d000-7f8b08d3b000 rw-p 00000000 00:00 0 
7f8b08d3b000-7f8b08d3e000 ---p 00000000 00:00 0 
7f8b08d3e000-7f8b08e3c000 rw-p 00000000 00:00 0 
7f8b08e3c000-7f8b08e3f000 ---p 00000000 00:00 0 
7f8b08e3f000-7f8b0913d000 rw-p 00000000 00:00 0 
7f8b0913d000-7f8b0914a000 r-xp 00000000 ca:01 28262                      /tmp/liblz4-java7502690864692176449.so
7f8b0914a000-7f8b09349000 ---p 0000d000 ca:01 28262                      /tmp/liblz4-java7502690864692176449.so
7f8b09349000-7f8b0934a000 rw-p 0000c000 ca:01 28262                      /tmp/liblz4-java7502690864692176449.so
7f8b0934a000-7f8b0954a000 rw-p 00000000 00:00 0 
7f8b0954a000-7f8b0954d000 ---p 00000000 00:00 0 
7f8b0954d000-7f8b0964b000 rw-p 00000000 00:00 0 
7f8b09667000-7f8b09867000 rw-p 00000000 00:00 0 
7f8b09867000-7f8b09a67000 rw-p 00000000 00:00 0 
7f8b09a67000-7f8b09c67000 rw-p 00000000 00:00 0 
7f8b09c67000-7f8b09c6a000 ---p 00000000 00:00 0 
7f8b09c6a000-7f8b09d68000 rw-p 00000000 00:00 0 
7f8b09d68000-7f8b09d6b000 ---p 00000000 00:00 0 
7f8b09d6b000-7f8b09e69000 rw-p 00000000 00:00 0 
7f8b09e69000-7f8b09e6c000 ---p 00000000 00:00 0 
7f8b09e6c000-7f8b0a16a000 rw-p 00000000 00:00 0 
7f8b0a16a000-7f8b0a16d000 ---p 00000000 00:00 0 
7f8b0a16d000-7f8b0a26b000 rw-p 00000000 00:00 0 
7f8b0a26b000-7f8b0a26e000 ---p 00000000 00:00 0 
7f8b0a26e000-7f8b0a36c000 rw-p 00000000 00:00 0 
7f8b0a36c000-7f8b0a36f000 ---p 00000000 00:00 0 
7f8b0a36f000-7f8b0a46d000 rw-p 00000000 00:00 0 
7f8b0a46d000-7f8b0a470000 ---p 00000000 00:00 0 
7f8b0a470000-7f8b0a56e000 rw-p 00000000 00:00 0 
7f8b0a56e000-7f8b0a571000 ---p 00000000 00:00 0 
7f8b0a571000-7f8b0a66f000 rw-p 00000000 00:00 0 
7f8b0a66f000-7f8b0a672000 ---p 00000000 00:00 0 
7f8b0a672000-7f8b0a770000 rw-p 00000000 00:00 0 
7f8b0a770000-7f8b0a773000 ---p 00000000 00:00 0 
7f8b0a773000-7f8b0a871000 rw-p 00000000 00:00 0 
7f8b0a871000-7f8b0a874000 ---p 00000000 00:00 0 
7f8b0a874000-7f8b0a972000 rw-p 00000000 00:00 0 
7f8b0a972000-7f8b0a975000 ---p 00000000 00:00 0 
7f8b0a975000-7f8b0aa73000 rw-p 00000000 00:00 0 
7f8b0aa73000-7f8b0aa76000 ---p 00000000 00:00 0 
7f8b0aa76000-7f8b0ab74000 rw-p 00000000 00:00 0 
7f8b0ab74000-7f8b0ab77000 ---p 00000000 00:00 0 
7f8b0ab77000-7f8b0ac75000 rw-p 00000000 00:00 0 
7f8b0ac75000-7f8b0ac78000 ---p 00000000 00:00 0 
7f8b0ac78000-7f8b0ad76000 rw-p 00000000 00:00 0 
7f8b0ad76000-7f8b0ad79000 ---p 00000000 00:00 0 
7f8b0ad79000-7f8b0ae77000 rw-p 00000000 00:00 0 
7f8b0ae77000-7f8b0ae7a000 ---p 00000000 00:00 0 
7f8b0ae7a000-7f8b0b178000 rw-p 00000000 00:00 0 
7f8b0b178000-7f8b0b17b000 ---p 00000000 00:00 0 
7f8b0b17b000-7f8b0b479000 rw-p 00000000 00:00 0 
7f8b0b528000-7f8b0b52b000 ---p 00000000 00:00 0 
7f8b0b52b000-7f8b0b629000 rw-p 00000000 00:00 0 
7f8b0b629000-7f8b0b62c000 ---p 00000000 00:00 0 
7f8b0b62c000-7f8b0b72a000 rw-p 00000000 00:00 0 
7f8b0b72a000-7f8b0b72d000 ---p 00000000 00:00 0 
7f8b0b72d000-7f8b0b82b000 rw-p 00000000 00:00 0 
7f8b0b82b000-7f8b0b82e000 ---p 00000000 00:00 0 
7f8b0b82e000-7f8b0b92c000 rw-p 00000000 00:00 0 
7f8b0b92c000-7f8b0b92f000 ---p 00000000 00:00 0 
7f8b0b92f000-7f8b0ba2d000 rw-p 00000000 00:00 0 
7f8b0ba2d000-7f8b0ba30000 ---p 00000000 00:00 0 
7f8b0ba30000-7f8b0bb2e000 rw-p 00000000 00:00 0 
7f8b0bb2e000-7f8b0bb31000 ---p 00000000 00:00 0 
7f8b0bb31000-7f8b0bc2f000 rw-p 00000000 00:00 0 
7f8b0bc2f000-7f8b0bc32000 ---p 00000000 00:00 0 
7f8b0bc32000-7f8b0bd30000 rw-p 00000000 00:00 0 
7f8b0bd30000-7f8b0bd33000 ---p 00000000 00:00 0 
7f8b0bd33000-7f8b0be31000 rw-p 00000000 00:00 0 
7f8b0be31000-7f8b0be42000 r-xp 00000000 ca:01 286360                     /usr/lib/jvm/java-8-openjdk-amd64/jre/lib/amd64/libnio.so
7f8b0be42000-7f8b0c041000 ---p 00011000 ca:01 286360                     /usr/lib/jvm/java-8-openjdk-amd64/jre/lib/amd64/libnio.so
7f8b0c041000-7f8b0c042000 r--p 00010000 ca:01 286360                     /usr/lib/jvm/java-8-openjdk-amd64/jre/lib/amd64/libnio.so
7f8b0c042000-7f8b0c043000 rw-p 00011000 ca:01 286360                     /usr/lib/jvm/java-8-openjdk-amd64/jre/lib/amd64/libnio.so
7f8b0c043000-7f8b0c243000 rw-p 00000000 00:00 0 
7f8b0c243000-7f8b0c246000 ---p 00000000 00:00 0 
7f8b0c246000-7f8b0c544000 rw-p 00000000 00:00 0 
7f8b0c544000-7f8b0c55b000 r-xp 00000000 ca:01 1984                       /lib/x86_64-linux-gnu/libresolv-2.23.so
7f8b0c55b000-7f8b0c75b000 ---p 00017000 ca:01 1984                       /lib/x86_64-linux-gnu/libresolv-2.23.so
7f8b0c75b000-7f8b0c75c000 r--p 00017000 ca:01 1984                       /lib/x86_64-linux-gnu/libresolv-2.23.so
7f8b0c75c000-7f8b0c75d000 rw-p 00018000 ca:01 1984                       /lib/x86_64-linux-gnu/libresolv-2.23.so
7f8b0c75d000-7f8b0c75f000 rw-p 00000000 00:00 0 
7f8b0c75f000-7f8b0c764000 r-xp 00000000 ca:01 1990                       /lib/x86_64-linux-gnu/libnss_dns-2.23.so
7f8b0c764000-7f8b0c964000 ---p 00005000 ca:01 1990                       /lib/x86_64-linux-gnu/libnss_dns-2.23.so
7f8b0c964000-7f8b0c965000 r--p 00005000 ca:01 1990                       /lib/x86_64-linux-gnu/libnss_dns-2.23.so
7f8b0c965000-7f8b0c966000 rw-p 00006000 ca:01 1990                       /lib/x86_64-linux-gnu/libnss_dns-2.23.so
7f8b0c9fd000-7f8b0c9fe000 r-xp 00000000 ca:01 286366                     /usr/lib/jvm/java-8-openjdk-amd64/jre/lib/amd64/libjaas_unix.so
7f8b0c9fe000-7f8b0cbfd000 ---p 00001000 ca:01 286366                     /usr/lib/jvm/java-8-openjdk-amd64/jre/lib/amd64/libjaas_unix.so
7f8b0cbfd000-7f8b0cbfe000 r--p 00000000 ca:01 286366                     /usr/lib/jvm/java-8-openjdk-amd64/jre/lib/amd64/libjaas_unix.so
7f8b0cbfe000-7f8b0cbff000 rw-p 00001000 ca:01 286366                     /usr/lib/jvm/java-8-openjdk-amd64/jre/lib/amd64/libjaas_unix.so
7f8b0cbff000-7f8b0cdff000 rw-p 00000000 00:00 0 
7f8b0cdff000-7f8b0cfff000 rw-p 00000000 00:00 0 
7f8b0cfff000-7f8b10000000 rw-p 00000000 00:00 0 
7f8b10000000-7f8b10c50000 rw-p 00000000 00:00 0 
7f8b10c50000-7f8b14000000 ---p 00000000 00:00 0 
7f8b14000000-7f8b140ca000 rw-p 00000000 00:00 0 
7f8b140ca000-7f8b18000000 ---p 00000000 00:00 0 
7f8b18000000-7f8b18021000 rw-p 00000000 00:00 0 
7f8b18021000-7f8b1c000000 ---p 00000000 00:00 0 
7f8b1c000000-7f8b1ea63000 rw-p 00000000 00:00 0 
7f8b1ea63000-7f8b20000000 ---p 00000000 00:00 0 
7f8b20000000-7f8b20042000 rw-p 00000000 00:00 0 
7f8b20042000-7f8b24000000 ---p 00000000 00:00 0 
7f8b24000000-7f8b24021000 rw-p 00000000 00:00 0 
7f8b24021000-7f8b28000000 ---p 00000000 00:00 0 
7f8b28000000-7f8b281c8000 rw-p 00000000 00:00 0 
7f8b281c8000-7f8b2c000000 ---p 00000000 00:00 0 
7f8b2c05e000-7f8b2c060000 r--s 00016000 ca:01 286312                     /usr/lib/jvm/java-8-openjdk-amd64/jre/lib/jce.jar
7f8b2c060000-7f8b2c065000 r--s 000a3000 ca:01 286376                     /usr/lib/jvm/java-8-openjdk-amd64/jre/lib/jsse.jar
7f8b2c065000-7f8b2c078000 r--s 00346000 ca:01 286377                     /usr/lib/jvm/java-8-openjdk-amd64/jre/lib/resources.jar
7f8b2c078000-7f8b2c07b000 ---p 00000000 00:00 0 
7f8b2c07b000-7f8b2c179000 rw-p 00000000 00:00 0 
7f8b2c179000-7f8b2c17c000 ---p 00000000 00:00 0 
7f8b2c17c000-7f8b2c1b2000 rw-p 00000000 00:00 0 
7f8b2c1b2000-7f8b2c1bb000 r-xp 00000000 ca:01 286338                     /usr/lib/jvm/java-8-openjdk-amd64/jre/lib/amd64/libmanagement.so
7f8b2c1bb000-7f8b2c3ba000 ---p 00009000 ca:01 286338                     /usr/lib/jvm/java-8-openjdk-amd64/jre/lib/amd64/libmanagement.so
7f8b2c3ba000-7f8b2c3bb000 r--p 00008000 ca:01 286338                     /usr/lib/jvm/java-8-openjdk-amd64/jre/lib/amd64/libmanagement.so
7f8b2c3bb000-7f8b2c3bc000 rw-p 00009000 ca:01 286338                     /usr/lib/jvm/java-8-openjdk-amd64/jre/lib/amd64/libmanagement.so
7f8b2c3bc000-7f8b2c3bf000 ---p 00000000 00:00 0 
7f8b2c3bf000-7f8b2c4bd000 rw-p 00000000 00:00 0 
7f8b2c4bd000-7f8b2c4c0000 ---p 00000000 00:00 0 
7f8b2c4c0000-7f8b2c7be000 rw-p 00000000 00:00 0 
7f8b2c7be000-7f8b2c7c1000 ---p 00000000 00:00 0 
7f8b2c7c1000-7f8b2c8bf000 rw-p 00000000 00:00 0 
7f8b2c8bf000-7f8b2c8d5000 r-xp 00000000 ca:01 286343                     /usr/lib/jvm/java-8-openjdk-amd64/jre/lib/amd64/libnet.so
7f8b2c8d5000-7f8b2cad5000 ---p 00016000 ca:01 286343                     /usr/lib/jvm/java-8-openjdk-amd64/jre/lib/amd64/libnet.so
7f8b2cad5000-7f8b2cad6000 r--p 00016000 ca:01 286343                     /usr/lib/jvm/java-8-openjdk-amd64/jre/lib/amd64/libnet.so
7f8b2cad6000-7f8b2cad7000 rw-p 00017000 ca:01 286343                     /usr/lib/jvm/java-8-openjdk-amd64/jre/lib/amd64/libnet.so
7f8b2cad7000-7f8b2cada000 r--s 00015000 ca:01 261533                     /home/ubuntu/spark-2.1.1-bin-hadoop2.7/jars/javax.servlet-api-3.1.0.jar
7f8b2cada000-7f8b2cb06000 r--s 001c9000 ca:01 261798                     /home/ubuntu/spark-2.1.1-bin-hadoop2.7/jars/shapeless_2.11-2.0.0.jar
7f8b2cb06000-7f8b2cb11000 r--s 000b0000 ca:01 261731                     /home/ubuntu/spark-2.1.1-bin-hadoop2.7/jars/jtransforms-2.4.0.jar
7f8b2cb11000-7f8b2cb17000 r--s 00043000 ca:01 261858                     /home/ubuntu/spark-2.1.1-bin-hadoop2.7/jars/commons-configuration-1.6.jar
7f8b2cb17000-7f8b2cb1b000 r--s 00019000 ca:01 261784                     /home/ubuntu/spark-2.1.1-bin-hadoop2.7/jars/javax.ws.rs-api-2.0.1.jar
7f8b2cb1b000-7f8b2cb1d000 r--s 00009000 ca:01 261839                     /home/ubuntu/spark-2.1.1-bin-hadoop2.7/jars/commons-cli-1.2.jar
7f8b2cb1d000-7f8b2cb27000 r--s 00095000 ca:01 261728                     /home/ubuntu/spark-2.1.1-bin-hadoop2.7/jars/scala-xml_2.11-1.0.2.jar
7f8b2cb27000-7f8b2cb2c000 r--s 00031000 ca:01 261744                     /home/ubuntu/spark-2.1.1-bin-hadoop2.7/jars/parquet-hadoop-1.8.1.jar
7f8b2cb2c000-7f8b2cb30000 r--s 00020000 ca:01 261720                     /home/ubuntu/spark-2.1.1-bin-hadoop2.7/jars/commons-digester-1.8.jar
7f8b2cb30000-7f8b2cb32000 r--s 00027000 ca:01 261790                     /home/ubuntu/spark-2.1.1-bin-hadoop2.7/jars/core-1.1.2.jar
7f8b2cb32000-7f8b2cb49000 r--s 00183000 ca:01 261753                     /home/ubuntu/spark-2.1.1-bin-hadoop2.7/jars/hadoop-yarn-common-2.7.3.jar
7f8b2cb49000-7f8b2cb4a000 r--s 00004000 ca:01 261711                     /home/ubuntu/spark-2.1.1-bin-hadoop2.7/jars/eigenbase-properties-1.1.5.jar
7f8b2cb4a000-7f8b2cb50000 r--s 00044000 ca:01 261763                     /home/ubuntu/spark-2.1.1-bin-hadoop2.7/jars/antlr4-runtime-4.5.3.jar
7f8b2cb50000-7f8b2cb52000 r--s 0000b000 ca:01 261840                     /home/ubuntu/spark-2.1.1-bin-hadoop2.7/jars/chill-java-0.8.0.jar
7f8b2cb52000-7f8b2cb5c000 r--s 00086000 ca:01 261718                     /home/ubuntu/spark-2.1.1-bin-hadoop2.7/jars/json4s-core_2.11-3.2.11.jar
7f8b2cb5c000-7f8b2cb5e000 r--s 0000f000 ca:01 261566                     /home/ubuntu/spark-2.1.1-bin-hadoop2.7/jars/activation-1.1.1.jar
7f8b2cb5e000-7f8b2cb62000 r--s 00031000 ca:01 261583                     /home/ubuntu/spark-2.1.1-bin-hadoop2.7/jars/jline-2.12.1.jar
7f8b2cb62000-7f8b2cb68000 r--s 00028000 ca:01 261745                     /home/ubuntu/spark-2.1.1-bin-hadoop2.7/jars/curator-framework-2.6.0.jar
7f8b2cb68000-7f8b2cb75000 r--s 000b1000 ca:01 261545                     /home/ubuntu/spark-2.1.1-bin-hadoop2.7/jars/hadoop-mapreduce-client-common-2.7.3.jar
7f8b2cb75000-7f8b2cb77000 r--s 00009000 ca:01 261758                     /home/ubuntu/spark-2.1.1-bin-hadoop2.7/jars/jackson-module-paranamer-2.6.5.jar
7f8b2cb77000-7f8b2cb78000 r--s 00009000 ca:01 261845                     /home/ubuntu/spark-2.1.1-bin-hadoop2.7/jars/slf4j-api-1.7.16.jar
7f8b2cb78000-7f8b2cb79000 r--s 00004000 ca:01 261710                     /home/ubuntu/spark-2.1.1-bin-hadoop2.7/jars/jackson-jaxrs-1.9.13.jar
7f8b2cb79000-7f8b2cb7b000 r--s 00012000 ca:01 261803                     /home/ubuntu/spark-2.1.1-bin-hadoop2.7/jars/api-util-1.0.0-M20.jar
7f8b2cb7b000-7f8b2cb83000 r--s 00066000 ca:01 261732                     /home/ubuntu/spark-2.1.1-bin-hadoop2.7/jars/apache-log4j-extras-1.2.17.jar
7f8b2cb83000-7f8b2cb85000 r--s 00004000 ca:01 261587                     /home/ubuntu/spark-2.1.1-bin-hadoop2.7/jars/stax-api-1.0-2.jar
7f8b2cb85000-7f8b2cb93000 r--s 00078000 ca:01 261756                     /home/ubuntu/spark-2.1.1-bin-hadoop2.7/jars/spark-mesos_2.11-2.1.1.jar
7f8b2cb93000-7f8b2cbc1000 r--s 00212000 ca:01 261712                     /home/ubuntu/spark-2.1.1-bin-hadoop2.7/jars/spark-network-common_2.11-2.1.1.jar
7f8b2cbc1000-7f8b2cbc9000 r--s 0006e000 ca:01 261765                     /home/ubuntu/spark-2.1.1-bin-hadoop2.7/jars/commons-lang3-3.5.jar
7f8b2cbc9000-7f8b2cbca000 r--s 00009000 ca:01 261830                     /home/ubuntu/spark-2.1.1-bin-hadoop2.7/jars/hive-cli-1.2.1.spark2.jar
7f8b2cbca000-7f8b2cbe0000 r--s 001a4000 ca:01 261613                     /home/ubuntu/spark-2.1.1-bin-hadoop2.7/jars/datanucleus-rdbms-3.2.9.jar
7f8b2cbe0000-7f8b2cbf1000 r--s 0010d000 ca:01 261714                     /home/ubuntu/spark-2.1.1-bin-hadoop2.7/jars/jackson-databind-2.6.5.jar
7f8b2cbf1000-7f8b2cbf3000 r--s 0000a000 ca:01 261612                     /home/ubuntu/spark-2.1.1-bin-hadoop2.7/jars/spark-unsafe_2.11-2.1.1.jar
7f8b2cbf3000-7f8b2cc17000 r--s 001cd000 ca:01 261855                     /home/ubuntu/spark-2.1.1-bin-hadoop2.7/jars/commons-math3-3.4.1.jar
7f8b2cc17000-7f8b2cc1b000 r--s 0002a000 ca:01 261747                     /home/ubuntu/spark-2.1.1-bin-hadoop2.7/jars/commons-io-2.4.jar
7f8b2cc1b000-7f8b2cc23000 r--s 00059000 ca:01 261611                     /home/ubuntu/spark-2.1.1-bin-hadoop2.7/jars/javolution-5.5.1.jar
7f8b2cc23000-7f8b2cc24000 r--s 00003000 ca:01 261568                     /home/ubuntu/spark-2.1.1-bin-hadoop2.7/jars/jta-1.1.jar
7f8b2cc24000-7f8b2cc27000 r--s 00009000 ca:01 261751                     /home/ubuntu/spark-2.1.1-bin-hadoop2.7/jars/jackson-annotations-2.6.5.jar
7f8b2cc27000-7f8b2cc9b000 r--s 00574000 ca:01 261739                     /home/ubuntu/spark-2.1.1-bin-hadoop2.7/jars/spark-mllib_2.11-2.1.1.jar
7f8b2cc9b000-7f8b2ccb6000 r--s 001d8000 ca:01 261572                     /home/ubuntu/spark-2.1.1-bin-hadoop2.7/jars/jets3t-0.9.3.jar
7f8b2ccb6000-7f8b2cd41000 r--s 0069e000 ca:01 261713                     /home/ubuntu/spark-2.1.1-bin-hadoop2.7/jars/spark-catalyst_2.11-2.1.1.jar
7f8b2cd41000-7f8b2cd46000 r--s 0002a000 ca:01 261576                     /home/ubuntu/spark-2.1.1-bin-hadoop2.7/jars/commons-beanutils-1.7.0.jar
7f8b2cd46000-7f8b2cd48000 r--s 00006000 ca:01 261588                     /home/ubuntu/spark-2.1.1-bin-hadoop2.7/jars/paranamer-2.3.jar
7f8b2cd48000-7f8b2cd4c000 r--s 0002c000 ca:01 261748                     /home/ubuntu/spark-2.1.1-bin-hadoop2.7/jars/avro-ipc-1.7.7.jar
7f8b2cd4c000-7f8b2cd4d000 r--s 00003000 ca:01 261594                     /home/ubuntu/spark-2.1.1-bin-hadoop2.7/jars/xmlenc-0.52.jar
7f8b2cd4d000-7f8b2cd6a000 r--s 001d5000 ca:01 261860                     /home/ubuntu/spark-2.1.1-bin-hadoop2.7/jars/hadoop-yarn-api-2.7.3.jar
7f8b2cd6a000-7f8b2cd6b000 r--s 00004000 ca:01 261716                     /home/ubuntu/spark-2.1.1-bin-hadoop2.7/jars/opencsv-2.3.jar
7f8b2cd6b000-7f8b2cd6f000 r--s 00014000 ca:01 261856                     /home/ubuntu/spark-2.1.1-bin-hadoop2.7/jars/xz-1.0.jar
7f8b2cd6f000-7f8b2cd72000 r--s 000fd000 ca:01 261604                     /home/ubuntu/spark-2.1.1-bin-hadoop2.7/jars/leveldbjni-all-1.8.jar
7f8b2cd72000-7f8b2cd78000 r--s 00063000 ca:01 261849                     /home/ubuntu/spark-2.1.1-bin-hadoop2.7/jars/jodd-core-3.5.2.jar
7f8b2cd78000-7f8b2cd7c000 r--s 00030000 ca:01 261532                     /home/ubuntu/spark-2.1.1-bin-hadoop2.7/jars/commons-net-2.2.jar
7f8b2cd7c000-7f8b2cd80000 r--s 00028000 ca:01 261608                     /home/ubuntu/spark-2.1.1-bin-hadoop2.7/jars/spark-mllib-local_2.11-2.1.1.jar
7f8b2cd80000-7f8b2cd87000 r--s 0007d000 ca:01 261722                     /home/ubuntu/spark-2.1.1-bin-hadoop2.7/jars/jetty-6.1.26.jar
7f8b2cd87000-7f8b2cd8a000 r--s 0002f000 ca:01 261546                     /home/ubuntu/spark-2.1.1-bin-hadoop2.7/jars/RoaringBitmap-0.5.11.jar
7f8b2cd8a000-7f8b2cd8b000 r--s 00004000 ca:01 261866                     /home/ubuntu/spark-2.1.1-bin-hadoop2.7/jars/osgi-resource-locator-1.0.1.jar
7f8b2cd8b000-7f8b2cdac000 r--s 0019b000 ca:01 261796                     /home/ubuntu/spark-2.1.1-bin-hadoop2.7/jars/spark-hive-thriftserver_2.11-2.1.1.jar
7f8b2cdac000-7f8b2cdb1000 r--s 00041000 ca:01 261740                     /home/ubuntu/spark-2.1.1-bin-hadoop2.7/jars/commons-lang-2.6.jar
7f8b2cdb1000-7f8b2cdb3000 r--s 00020000 ca:01 261749                     /home/ubuntu/spark-2.1.1-bin-hadoop2.7/jars/hive-beeline-1.2.1.spark2.jar
7f8b2cdb3000-7f8b2cdba000 r--s 00049000 ca:01 261736                     /home/ubuntu/spark-2.1.1-bin-hadoop2.7/jars/httpcore-4.4.4.jar
7f8b2cdba000-7f8b2cdbc000 r--s 00014000 ca:01 261717                     /home/ubuntu/spark-2.1.1-bin-hadoop2.7/jars/spire-macros_2.11-0.7.4.jar
7f8b2cdbc000-7f8b2cdbd000 r--s 00001000 ca:01 261621                     /home/ubuntu/spark-2.1.1-bin-hadoop2.7/jars/pmml-schema-1.2.15.jar
7f8b2cdbd000-7f8b2cdc1000 r--s 00028000 ca:01 261573                     /home/ubuntu/spark-2.1.1-bin-hadoop2.7/jars/jetty-util-6.1.26.jar
7f8b2cdc1000-7f8b2cdc4000 r--s 00006000 ca:01 261721                     /home/ubuntu/spark-2.1.1-bin-hadoop2.7/jars/jsr305-1.3.9.jar
7f8b2cdc4000-7f8b2cdcb000 r--s 0005d000 ca:01 261793                     /home/ubuntu/spark-2.1.1-bin-hadoop2.7/jars/mx4j-3.0.2.jar
7f8b2cdcb000-7f8b2cdcd000 r--s 0000e000 ca:01 261821                     /home/ubuntu/spark-2.1.1-bin-hadoop2.7/jars/guice-servlet-3.0.jar
7f8b2cdcd000-7f8b2cdd5000 r--s 0007b000 ca:01 261737                     /home/ubuntu/spark-2.1.1-bin-hadoop2.7/jars/protobuf-java-2.5.0.jar
7f8b2cdd5000-7f8b2cdde000 r--s 00062000 ca:01 261580                     /home/ubuntu/spark-2.1.1-bin-hadoop2.7/jars/avro-1.7.7.jar
7f8b2cdde000-7f8b2cde0000 r--s 00003000 ca:01 261733                     /home/ubuntu/spark-2.1.1-bin-hadoop2.7/jars/jcl-over-slf4j-1.7.16.jar
7f8b2cde0000-7f8b2ceb0000 r--s 00cf0000 ca:01 261540                     /home/ubuntu/spark-2.1.1-bin-hadoop2.7/jars/breeze_2.11-0.12.jar
7f8b2ceb0000-7f8b2ceb2000 r--s 00006000 ca:01 261578                     /home/ubuntu/spark-2.1.1-bin-hadoop2.7/jars/spark-sketch_2.11-2.1.1.jar
7f8b2ceb2000-7f8b2ceb7000 r--s 00068000 ca:01 261791                     /home/ubuntu/spark-2.1.1-bin-hadoop2.7/jars/antlr-2.7.7.jar
7f8b2ceb7000-7f8b2ceb9000 r--s 00000000 ca:01 261759                     /home/ubuntu/spark-2.1.1-bin-hadoop2.7/jars/aopalliance-1.0.jar
7f8b2ceb9000-7f8b2cec6000 r--s 0009e000 ca:01 261822                     /home/ubuntu/spark-2.1.1-bin-hadoop2.7/jars/spark-graphx_2.11-2.1.1.jar
7f8b2cec6000-7f8b2cecb000 r--s 00028000 ca:01 261841                     /home/ubuntu/spark-2.1.1-bin-hadoop2.7/jars/avro-mapred-1.7.7-hadoop2.jar
7f8b2cecb000-7f8b2cee1000 r--s 00124000 ca:01 261833                     /home/ubuntu/spark-2.1.1-bin-hadoop2.7/jars/ivy-2.4.0.jar
7f8b2cee1000-7f8b2cee9000 r--s 00078000 ca:01 261805                     /home/ubuntu/spark-2.1.1-bin-hadoop2.7/jars/mail-1.4.7.jar
7f8b2cee9000-7f8b2ceee000 r--s 0004e000 ca:01 261582                     /home/ubuntu/spark-2.1.1-bin-hadoop2.7/jars/datanucleus-api-jdo-3.2.6.jar
7f8b2ceee000-7f8b2cfc6000 r--s 00a88000 ca:01 261543                     /home/ubuntu/spark-2.1.1-bin-hadoop2.7/jars/spark-core_2.11-2.1.1.jar
7f8b2cfc6000-7f8b2cfde000 r--s 001b6000 ca:01 261569                     /home/ubuntu/spark-2.1.1-bin-hadoop2.7/jars/datanucleus-core-3.2.10.jar
7f8b2cfde000-7f8b2d000000 r--s 00335000 ca:01 261750                     /home/ubuntu/spark-2.1.1-bin-hadoop2.7/jars/mesos-1.0.0-shaded-protobuf.jar
7f8b2d000000-7f8b2e280000 rwxp 00000000 00:00 0 
7f8b2e280000-7f8b3c000000 ---p 00000000 00:00 0 
7f8b3c000000-7f8b3ce0c000 rw-p 00000000 00:00 0 
7f8b3ce0c000-7f8b40000000 ---p 00000000 00:00 0 
7f8b40000000-7f8b40001000 r--s 00002000 ca:01 261619                     /home/ubuntu/spark-2.1.1-bin-hadoop2.7/jars/slf4j-log4j12-1.7.16.jar
7f8b40001000-7f8b40003000 r--s 00012000 ca:01 261730                     /home/ubuntu/spark-2.1.1-bin-hadoop2.7/jars/compress-lzf-1.0.3.jar
7f8b40003000-7f8b40017000 r--s 000ec000 ca:01 261539                     /home/ubuntu/spark-2.1.1-bin-hadoop2.7/jars/parquet-jackson-1.8.1.jar
7f8b40017000-7f8b40019000 r--s 0000e000 ca:01 261785                     /home/ubuntu/spark-2.1.1-bin-hadoop2.7/jars/hadoop-mapreduce-client-jobclient-2.7.3.jar
7f8b40019000-7f8b4001b000 r--s 0000e000 ca:01 261536                     /home/ubuntu/spark-2.1.1-bin-hadoop2.7/jars/oro-2.0.8.jar
7f8b4001b000-7f8b4001d000 r--s 00003000 ca:01 261826                     /home/ubuntu/spark-2.1.1-bin-hadoop2.7/jars/JavaEWAH-0.3.2.jar
7f8b4001d000-7f8b4001f000 r--s 0000f000 ca:01 261757                     /home/ubuntu/spark-2.1.1-bin-hadoop2.7/jars/spark-launcher_2.11-2.1.1.jar
7f8b4001f000-7f8b40020000 r--s 00001000 ca:01 261610                     /home/ubuntu/spark-2.1.1-bin-hadoop2.7/jars/minlog-1.3.0.jar
7f8b40020000-7f8b40023000 r--s 0001a000 ca:01 261834                     /home/ubuntu/spark-2.1.1-bin-hadoop2.7/jars/py4j-0.10.4.jar
7f8b40023000-7f8b40024000 r--s 00009000 ca:01 261601                     /home/ubuntu/spark-2.1.1-bin-hadoop2.7/jars/json4s-jackson_2.11-3.2.11.jar
7f8b40024000-7f8b40026000 r--s 0000d000 ca:01 261725                     /home/ubuntu/spark-2.1.1-bin-hadoop2.7/jars/hadoop-yarn-server-web-proxy-2.7.3.jar
7f8b40026000-7f8b40089000 r--s 004de000 ca:01 261719                     /home/ubuntu/spark-2.1.1-bin-hadoop2.7/jars/hive-metastore-1.2.1.spark2.jar
7f8b40089000-7f8b40090000 r--s 00039000 ca:01 261727                     /home/ubuntu/spark-2.1.1-bin-hadoop2.7/jars/calcite-avatica-1.2.0-incubating.jar
7f8b40090000-7f8b40097000 r--s 0003f000 ca:01 261603                     /home/ubuntu/spark-2.1.1-bin-hadoop2.7/jars/commons-codec-1.10.jar
7f8b40097000-7f8b40099000 r--s 00100000 ca:01 261842                     /home/ubuntu/spark-2.1.1-bin-hadoop2.7/jars/snappy-java-1.1.2.6.jar
7f8b40099000-7f8b4009d000 r--s 00029000 ca:01 261591                     /home/ubuntu/spark-2.1.1-bin-hadoop2.7/jars/hk2-locator-2.4.0-b34.jar
7f8b4009d000-7f8b400a0000 r--s 0000d000 ca:01 261742                     /home/ubuntu/spark-2.1.1-bin-hadoop2.7/jars/spark-network-shuffle_2.11-2.1.1.jar
7f8b400a0000-7f8b400a1000 r--s 00006000 ca:01 261788                     /home/ubuntu/spark-2.1.1-bin-hadoop2.7/jars/jackson-xc-1.9.13.jar
7f8b400a1000-7f8b400b7000 r--s 000d1000 ca:01 261585                     /home/ubuntu/spark-2.1.1-bin-hadoop2.7/jars/parquet-column-1.8.1.jar
7f8b400b7000-7f8b400dc000 rw-p 00000000 00:00 0 
7f8b400dc000-7f8b401e8000 r--s 00dba000 ca:01 261859                     /home/ubuntu/spark-2.1.1-bin-hadoop2.7/jars/scala-compiler-2.11.8.jar
7f8b401e8000-7f8b401e9000 r--s 00002000 ca:01 261764                     /home/ubuntu/spark-2.1.1-bin-hadoop2.7/jars/jpam-1.1.jar
7f8b401e9000-7f8b401f8000 r--s 0009f000 ca:01 261734                     /home/ubuntu/spark-2.1.1-bin-hadoop2.7/jars/guice-3.0.jar
7f8b401f8000-7f8b40211000 r--s 00150000 ca:01 261626                     /home/ubuntu/spark-2.1.1-bin-hadoop2.7/jars/htrace-core-3.1.0-incubating.jar
7f8b40211000-7f8b40227000 r--s 000d3000 ca:01 261625                     /home/ubuntu/spark-2.1.1-bin-hadoop2.7/jars/jersey-server-2.22.2.jar
7f8b40227000-7f8b40229000 r--s 00008000 ca:01 261581                     /home/ubuntu/spark-2.1.1-bin-hadoop2.7/jars/parquet-common-1.8.1.jar
7f8b40229000-7f8b4022b000 r--s 00002000 ca:01 261606                     /home/ubuntu/spark-2.1.1-bin-hadoop2.7/jars/aopalliance-repackaged-2.4.0-b34.jar
7f8b4022b000-7f8b4022f000 r--s 0003c000 ca:01 261854                     /home/ubuntu/spark-2.1.1-bin-hadoop2.7/jars/jackson-core-2.6.5.jar
7f8b4022f000-7f8b4023a000 r--s 00062000 ca:01 261729                     /home/ubuntu/spark-2.1.1-bin-hadoop2.7/jars/calcite-linq4j-1.2.0-incubating.jar
7f8b4023a000-7f8b40270000 r--s 0031c000 ca:01 261565                     /home/ubuntu/spark-2.1.1-bin-hadoop2.7/jars/hadoop-common-2.7.3.jar
7f8b40270000-7f8b40274000 r--s 0001a000 ca:01 261579                     /home/ubuntu/spark-2.1.1-bin-hadoop2.7/jars/hk2-utils-2.4.0-b34.jar
7f8b40274000-7f8b40280000 r--s 000b6000 ca:01 261831                     /home/ubuntu/spark-2.1.1-bin-hadoop2.7/jars/zookeeper-3.4.6.jar
7f8b40280000-7f8b40286000 r--s 00040000 ca:01 261709                     /home/ubuntu/spark-2.1.1-bin-hadoop2.7/jars/parquet-encoding-1.8.1.jar
7f8b40286000-7f8b4028b000 r--s 00036000 ca:01 261574                     /home/ubuntu/spark-2.1.1-bin-hadoop2.7/jars/commons-compress-1.4.1.jar
7f8b4028b000-7f8b402b8000 r--s 001d4000 ca:01 261863                     /home/ubuntu/spark-2.1.1-bin-hadoop2.7/jars/spark-streaming_2.11-2.1.1.jar
7f8b402b8000-7f8b402bb000 r--s 00022000 ca:01 261806                     /home/ubuntu/spark-2.1.1-bin-hadoop2.7/jars/stringtemplate-3.2.1.jar
7f8b402bb000-7f8b402c2000 r--s 00036000 ca:01 261624                     /home/ubuntu/spark-2.1.1-bin-hadoop2.7/jars/curator-recipes-2.6.0.jar
7f8b402c2000-7f8b402c6000 r--s 00029000 ca:01 261548                     /home/ubuntu/spark-2.1.1-bin-hadoop2.7/jars/breeze-macros_2.11-0.12.jar
7f8b402c6000-7f8b402ca000 r--s 00036000 ca:01 261851                     /home/ubuntu/spark-2.1.1-bin-hadoop2.7/jars/ST4-4.0.4.jar
7f8b402ca000-7f8b402ce000 r--s 00018000 ca:01 261584                     /home/ubuntu/spark-2.1.1-bin-hadoop2.7/jars/metrics-core-3.1.2.jar
7f8b402ce000-7f8b402dc000 r--s 000b1000 ca:01 261754                     /home/ubuntu/spark-2.1.1-bin-hadoop2.7/jars/jackson-mapper-asl-1.9.13.jar
7f8b402dc000-7f8b402ec000 r--s 000a0000 ca:01 261599                     /home/ubuntu/spark-2.1.1-bin-hadoop2.7/jars/spark-yarn_2.11-2.1.1.jar
7f8b402ec000-7f8b402ed000 r--s 00003000 ca:01 261590                     /home/ubuntu/spark-2.1.1-bin-hadoop2.7/jars/spark-tags_2.11-2.1.1.jar
7f8b402ed000-7f8b402ff000 r--s 00097000 ca:01 261804                     /home/ubuntu/spark-2.1.1-bin-hadoop2.7/jars/apacheds-kerberos-codec-2.0.0-M15.jar
7f8b402ff000-7f8b40302000 r--s 00017000 ca:01 261800                     /home/ubuntu/spark-2.1.1-bin-hadoop2.7/jars/jaxb-api-2.2.2.jar
7f8b40302000-7f8b40304000 r--s 00009000 ca:01 261848                     /home/ubuntu/spark-2.1.1-bin-hadoop2.7/jars/objenesis-2.1.jar
7f8b40304000-7f8b4036f000 r--s 00784000 ca:01 261535                     /home/ubuntu/spark-2.1.1-bin-hadoop2.7/jars/hadoop-hdfs-2.7.3.jar
7f8b4036f000-7f8b40371000 r--s 00010000 ca:01 261752                     /home/ubuntu/spark-2.1.1-bin-hadoop2.7/jars/jersey-media-jaxb-2.22.2.jar
7f8b40371000-7f8b4037e000 r--s 00083000 ca:01 261598                     /home/ubuntu/spark-2.1.1-bin-hadoop2.7/jars/commons-collections-3.2.2.jar
7f8b4037e000-7f8b40385000 r--s 00051000 ca:01 261542                     /home/ubuntu/spark-2.1.1-bin-hadoop2.7/jars/kryo-shaded-3.0.3.jar
7f8b40385000-7f8b403bc000 r--s 00325000 ca:01 261802                     /home/ubuntu/spark-2.1.1-bin-hadoop2.7/jars/calcite-core-1.2.0-incubating.jar
7f8b403bc000-7f8b403bf000 r--s 00012000 ca:01 261602                     /home/ubuntu/spark-2.1.1-bin-hadoop2.7/jars/json4s-ast_2.11-3.2.11.jar
7f8b403bf000-7f8b403c1000 r--s 0000e000 ca:01 261794                     /home/ubuntu/spark-2.1.1-bin-hadoop2.7/jars/commons-logging-1.1.3.jar
7f8b403c1000-7f8b4046a000 r--s 00a4f000 ca:01 261801                     /home/ubuntu/spark-2.1.1-bin-hadoop2.7/jars/hive-exec-1.2.1.spark2.jar
7f8b4046a000-7f8b4046b000 r--s 0000b000 ca:01 261631                     /home/ubuntu/spark-2.1.1-bin-hadoop2.7/jars/snappy-0.2.jar
7f8b4046b000-7f8b4046e000 r--s 00028000 ca:01 261541                     /home/ubuntu/spark-2.1.1-bin-hadoop2.7/jars/stream-2.7.0.jar
7f8b4046e000-7f8b404a2000 r--s 00277000 ca:01 261592                     /home/ubuntu/spark-2.1.1-bin-hadoop2.7/jars/parquet-hadoop-bundle-1.6.0.jar
7f8b404a2000-7f8b404a6000 r--s 0000c000 ca:01 261617                     /home/ubuntu/spark-2.1.1-bin-hadoop2.7/jars/validation-api-1.1.0.Final.jar
7f8b404a6000-7f8b404cf000 r--s 001ee000 ca:01 261862                     /home/ubuntu/spark-2.1.1-bin-hadoop2.7/jars/guava-14.0.1.jar
7f8b404cf000-7f8b404dc000 r--s 00071000 ca:01 261832                     /home/ubuntu/spark-2.1.1-bin-hadoop2.7/jars/jackson-module-scala_2.11-2.6.5.jar
7f8b404dc000-7f8b404f5000 r--s 00114000 ca:01 261577                     /home/ubuntu/spark-2.1.1-bin-hadoop2.7/jars/spark-hive_2.11-2.1.1.jar
7f8b404f5000-7f8b4050d000 r--s 00115000 ca:01 261824                     /home/ubuntu/spark-2.1.1-bin-hadoop2.7/jars/netty-3.8.0.Final.jar
7f8b4050d000-7f8b40566000 r--s 00522000 ca:01 261865                     /home/ubuntu/spark-2.1.1-bin-hadoop2.7/jars/scala-library-2.11.8.jar
7f8b40566000-7f8b4056d000 r--s 00049000 ca:01 261852                     /home/ubuntu/spark-2.1.1-bin-hadoop2.7/jars/univocity-parsers-2.2.1.jar
7f8b4056d000-7f8b405b9000 r--s 00411000 ca:01 261857                     /home/ubuntu/spark-2.1.1-bin-hadoop2.7/jars/scala-reflect-2.11.8.jar
7f8b405b9000-7f8b405c7000 r--s 0009d000 ca:01 261614                     /home/ubuntu/spark-2.1.1-bin-hadoop2.7/jars/jersey-common-2.22.2.jar
7f8b405c7000-7f8b405d1000 r--s 000aa000 ca:01 261762                     /home/ubuntu/spark-2.1.1-bin-hadoop2.7/jars/janino-3.0.0.jar
7f8b405d1000-7f8b405d2000 r--s 00008000 ca:01 261844                     /home/ubuntu/spark-2.1.1-bin-hadoop2.7/jars/commons-compiler-3.0.0.jar
7f8b405d2000-7f8b405db000 r--s 00097000 ca:01 261837                     /home/ubuntu/spark-2.1.1-bin-hadoop2.7/jars/pmml-model-1.2.15.jar
7f8b405db000-7f8b405dd000 r--s 00005000 ca:01 261741                     /home/ubuntu/spark-2.1.1-bin-hadoop2.7/jars/stax-api-1.0.1.jar
7f8b405dd000-7f8b405e1000 r--s 00035000 ca:01 261597                     /home/ubuntu/spark-2.1.1-bin-hadoop2.7/jars/jackson-core-asl-1.9.13.jar
7f8b405e1000-7f8b405e4000 r--s 00019000 ca:01 261530                     /home/ubuntu/spark-2.1.1-bin-hadoop2.7/jars/bonecp-0.8.0.RELEASE.jar
7f8b405e4000-7f8b405e6000 r--s 00038000 ca:01 261789                     /home/ubuntu/spark-2.1.1-bin-hadoop2.7/jars/lz4-1.3.0.jar
7f8b405e6000-7f8b405ff000 r--s 00164000 ca:01 261738                     /home/ubuntu/spark-2.1.1-bin-hadoop2.7/jars/hadoop-mapreduce-client-core-2.7.3.jar
7f8b405ff000-7f8b40602000 r--s 00026000 ca:01 261792                     /home/ubuntu/spark-2.1.1-bin-hadoop2.7/jars/hadoop-yarn-client-2.7.3.jar
7f8b40602000-7f8b40604000 r--s 00017000 ca:01 261607                     /home/ubuntu/spark-2.1.1-bin-hadoop2.7/jars/hive-jdbc-1.2.1.spark2.jar
7f8b40604000-7f8b40685000 r--s 005d9000 ca:01 261746                     /home/ubuntu/spark-2.1.1-bin-hadoop2.7/jars/spark-sql_2.11-2.1.1.jar
7f8b40685000-7f8b40686000 r--s 00006000 ca:01 261755                     /home/ubuntu/spark-2.1.1-bin-hadoop2.7/jars/hadoop-client-2.7.3.jar
7f8b40686000-7f8b4068d000 r--s 00058000 ca:01 261609                     /home/ubuntu/spark-2.1.1-bin-hadoop2.7/jars/hadoop-yarn-server-common-2.7.3.jar
7f8b4068d000-7f8b4068e000 r--s 0000a000 ca:01 261616                     /home/ubuntu/spark-2.1.1-bin-hadoop2.7/jars/apacheds-i18n-2.0.0-M15.jar
7f8b4068e000-7f8b4068f000 r--s 00000000 ca:01 261600                     /home/ubuntu/spark-2.1.1-bin-hadoop2.7/jars/javax.inject-1.jar
7f8b4068f000-7f8b40695000 r--s 00045000 ca:01 261605                     /home/ubuntu/spark-2.1.1-bin-hadoop2.7/jars/commons-httpclient-3.1.jar
7f8b40695000-7f8b406a2000 r--s 000a7000 ca:01 261627                     /home/ubuntu/spark-2.1.1-bin-hadoop2.7/jars/httpclient-4.5.2.jar
7f8b406a2000-7f8b406a4000 r--s 0001f000 ca:01 261825                     /home/ubuntu/spark-2.1.1-bin-hadoop2.7/jars/commons-crypto-1.0.0.jar
7f8b406a4000-7f8b406a9000 r--s 0002a000 ca:01 261735                     /home/ubuntu/spark-2.1.1-bin-hadoop2.7/jars/gson-2.2.4.jar
7f8b406a9000-7f8b406e9000 r--s 00277000 ca:01 261767                     /home/ubuntu/spark-2.1.1-bin-hadoop2.7/jars/bcprov-jdk15on-1.51.jar
7f8b406e9000-7f8b406ec000 r--s 00016000 ca:01 261593                     /home/ubuntu/spark-2.1.1-bin-hadoop2.7/jars/jsp-api-2.1.jar
7f8b406ec000-7f8b406ed000 r--s 00001000 ca:01 261838                     /home/ubuntu/spark-2.1.1-bin-hadoop2.7/jars/javax.inject-2.4.0-b34.jar
7f8b406ed000-7f8b406ee000 r--s 00002000 ca:01 261586                     /home/ubuntu/spark-2.1.1-bin-hadoop2.7/jars/java-xmlbuilder-1.0.jar
7f8b406ee000-7f8b406f0000 r--s 00015000 ca:01 261547                     /home/ubuntu/spark-2.1.1-bin-hadoop2.7/jars/hadoop-auth-2.7.3.jar
7f8b406f0000-7f8b406f4000 r--s 0002f000 ca:01 261795                     /home/ubuntu/spark-2.1.1-bin-hadoop2.7/jars/commons-beanutils-core-1.8.0.jar
7f8b406f4000-7f8b40723000 r--s 002e5000 ca:01 261846                     /home/ubuntu/spark-2.1.1-bin-hadoop2.7/jars/derby-10.12.1.1.jar
7f8b40723000-7f8b40725000 r--s 00008000 ca:01 261544                     /home/ubuntu/spark-2.1.1-bin-hadoop2.7/jars/metrics-jvm-3.1.2.jar
7f8b40725000-7f8b40728000 r--s 00015000 ca:01 261723                     /home/ubuntu/spark-2.1.1-bin-hadoop2.7/jars/pyrolite-4.13.jar
7f8b40728000-7f8b4072a000 r--s 0000e000 ca:01 261760                     /home/ubuntu/spark-2.1.1-bin-hadoop2.7/jars/spark-repl_2.11-2.1.1.jar
7f8b4072a000-7f8b40733000 r--s 0006f000 ca:01 261724                     /home/ubuntu/spark-2.1.1-bin-hadoop2.7/jars/log4j-1.2.17.jar
7f8b40733000-7f8b40737000 r--s 00025000 ca:01 261850                     /home/ubuntu/spark-2.1.1-bin-hadoop2.7/jars/jersey-client-2.22.2.jar
7f8b40737000-7f8b4073e000 r--s 00058000 ca:01 261589                     /home/ubuntu/spark-2.1.1-bin-hadoop2.7/jars/parquet-format-2.3.0-incubating.jar
7f8b4073e000-7f8b40740000 r--s 00003000 ca:01 261615                     /home/ubuntu/spark-2.1.1-bin-hadoop2.7/jars/api-asn1-api-1.0.0-M20.jar
7f8b40740000-7f8b4074a000 r--s 0007b000 ca:01 261847                     /home/ubuntu/spark-2.1.1-bin-hadoop2.7/jars/hadoop-mapreduce-client-app-2.7.3.jar
7f8b4074a000-7f8b4074d000 r--s 0000e000 ca:01 261575                     /home/ubuntu/spark-2.1.1-bin-hadoop2.7/jars/jersey-container-servlet-core-2.22.2.jar
7f8b4074d000-7f8b40751000 r--s 00025000 ca:01 261538                     /home/ubuntu/spark-2.1.1-bin-hadoop2.7/jars/antlr-runtime-3.4.jar
7f8b40751000-7f8b40762000 r--s 00089000 ca:01 261623                     /home/ubuntu/spark-2.1.1-bin-hadoop2.7/jars/joda-time-2.9.3.jar
7f8b40762000-7f8b40764000 r--s 00005000 ca:01 261743                     /home/ubuntu/spark-2.1.1-bin-hadoop2.7/jars/javax.annotation-api-1.2.jar
7f8b40764000-7f8b40769000 r--s 00032000 ca:01 261864                     /home/ubuntu/spark-2.1.1-bin-hadoop2.7/jars/chill_2.11-0.8.0.jar
7f8b40769000-7f8b40774000 r--s 0005d000 ca:01 261853                     /home/ubuntu/spark-2.1.1-bin-hadoop2.7/jars/scala-parser-combinators_2.11-1.0.4.jar
7f8b40774000-7f8b40786000 r--s 00112000 ca:01 261835                     /home/ubuntu/spark-2.1.1-bin-hadoop2.7/jars/arpack_combined_all-0.1.jar
7f8b40786000-7f8b4079e000 r--s 000d6000 ca:01 261571                     /home/ubuntu/spark-2.1.1-bin-hadoop2.7/jars/jersey-guava-2.22.2.jar
7f8b4079e000-7f8b407a4000 r--s 0002c000 ca:01 261828                     /home/ubuntu/spark-2.1.1-bin-hadoop2.7/jars/jdo-api-3.0.1.jar
7f8b407a4000-7f8b407ab000 r--s 00046000 ca:01 261797                     /home/ubuntu/spark-2.1.1-bin-hadoop2.7/jars/libfb303-0.9.3.jar
7f8b407ab000-7f8b407ad000 r--s 00010000 ca:01 261622                     /home/ubuntu/spark-2.1.1-bin-hadoop2.7/jars/hadoop-mapreduce-client-shuffle-2.7.3.jar
7f8b407ad000-7f8b407af000 r--s 00000000 ca:01 261836                     /home/ubuntu/spark-2.1.1-bin-hadoop2.7/jars/jul-to-slf4j-1.7.16.jar
7f8b407af000-7f8b407b2000 r--s 00014000 ca:01 261761                     /home/ubuntu/spark-2.1.1-bin-hadoop2.7/jars/super-csv-2.2.0.jar
7f8b407b2000-7f8b407c4000 r--s 000b3000 ca:01 261829                     /home/ubuntu/spark-2.1.1-bin-hadoop2.7/jars/scalap-2.11.8.jar
7f8b407c4000-7f8b407c6000 r--s 00003000 ca:01 261843                     /home/ubuntu/spark-2.1.1-bin-hadoop2.7/jars/base64-2.3.8.jar
7f8b407c6000-7f8b407c8000 r--s 00003000 ca:01 261570                     /home/ubuntu/spark-2.1.1-bin-hadoop2.7/jars/jersey-container-servlet-2.22.2.jar
7f8b407c8000-7f8b407d2000 r--s 000a5000 ca:01 261766                     /home/ubuntu/spark-2.1.1-bin-hadoop2.7/jars/javassist-3.18.1-GA.jar
7f8b407d2000-7f8b407ea000 r--s 00115000 ca:01 261537                     /home/ubuntu/spark-2.1.1-bin-hadoop2.7/jars/xercesImpl-2.9.1.jar
7f8b407ea000-7f8b407ed000 r--s 00021000 ca:01 261596                     /home/ubuntu/spark-2.1.1-bin-hadoop2.7/jars/xbean-asm5-shaded-4.4.jar
7f8b407ed000-7f8b407f0000 r--s 00025000 ca:01 261618                     /home/ubuntu/spark-2.1.1-bin-hadoop2.7/jars/commons-dbcp-1.4.jar
7f8b407f0000-7f8b40817000 r--s 0020f000 ca:01 261726                     /home/ubuntu/spark-2.1.1-bin-hadoop2.7/jars/netty-all-4.0.42.Final.jar
7f8b40817000-7f8b4081a000 r--s 00015000 ca:01 261620                     /home/ubuntu/spark-2.1.1-bin-hadoop2.7/jars/commons-pool-1.5.4.jar
7f8b4081a000-7f8b4086f000 r--s 0069c000 ca:01 261595                     /home/ubuntu/spark-2.1.1-bin-hadoop2.7/jars/spire_2.11-0.7.4.jar
7f8b4086f000-7f8b40871000 r--s 00004000 ca:01 261787                     /home/ubuntu/spark-2.1.1-bin-hadoop2.7/jars/metrics-graphite-3.1.2.jar
7f8b40871000-7f8b40876000 r--s 00027000 ca:01 261861                     /home/ubuntu/spark-2.1.1-bin-hadoop2.7/jars/hk2-api-2.4.0-b34.jar
7f8b40876000-7f8b4087c000 r--s 00034000 ca:01 261799                     /home/ubuntu/spark-2.1.1-bin-hadoop2.7/jars/libthrift-0.9.3.jar
7f8b4087c000-7f8b40897000 r--s 001d6000 ca:01 286319                     /usr/lib/jvm/java-8-openjdk-amd64/jre/lib/ext/nashorn.jar
7f8b40897000-7f8b408b2000 r--s 00394000 ca:01 286322                     /usr/lib/jvm/java-8-openjdk-amd64/jre/lib/ext/cldrdata.jar
7f8b408b2000-7f8b408b3000 ---p 00000000 00:00 0 
7f8b408b3000-7f8b409b3000 rw-p 00000000 00:00 0 
7f8b409b3000-7f8b409b6000 ---p 00000000 00:00 0 
7f8b409b6000-7f8b40ab4000 rw-p 00000000 00:00 0 
7f8b40ab4000-7f8b40ab7000 ---p 00000000 00:00 0 
7f8b40ab7000-7f8b40bb5000 rw-p 00000000 00:00 0 
7f8b40bb5000-7f8b40bb8000 ---p 00000000 00:00 0 
7f8b40bb8000-7f8b40cb6000 rw-p 00000000 00:00 0 
7f8b40cb6000-7f8b40cb9000 ---p 00000000 00:00 0 
7f8b40cb9000-7f8b40db7000 rw-p 00000000 00:00 0 
7f8b40db7000-7f8b40f4f000 r--p 00000000 ca:01 29052                      /usr/lib/locale/locale-archive
7f8b40f4f000-7f8b40f52000 ---p 00000000 00:00 0 
7f8b40f52000-7f8b41050000 rw-p 00000000 00:00 0 
7f8b41050000-7f8b41053000 ---p 00000000 00:00 0 
7f8b41053000-7f8b41151000 rw-p 00000000 00:00 0 
7f8b41151000-7f8b41152000 ---p 00000000 00:00 0 
7f8b41152000-7f8b41252000 rw-p 00000000 00:00 0 
7f8b41252000-7f8b41422000 r--s 03c5c000 ca:01 286303                     /usr/lib/jvm/java-8-openjdk-amd64/jre/lib/rt.jar
7f8b41422000-7f8b41c98000 rw-p 00000000 00:00 0 
7f8b41c98000-7f8b41cc3000 rw-p 00000000 00:00 0 
7f8b41cc3000-7f8b41dee000 ---p 00000000 00:00 0 
7f8b41dee000-7f8b41e00000 rw-p 00000000 00:00 0 
7f8b41e00000-7f8b41e98000 ---p 00000000 00:00 0 
7f8b41e98000-7f8b41ec3000 rw-p 00000000 00:00 0 
7f8b41ec3000-7f8b41fee000 ---p 00000000 00:00 0 
7f8b41fee000-7f8b42039000 rw-p 00000000 00:00 0 
7f8b42039000-7f8b423af000 ---p 00000000 00:00 0 
7f8b423af000-7f8b423b7000 r-xp 00000000 ca:01 286357                     /usr/lib/jvm/java-8-openjdk-amd64/jre/lib/amd64/libzip.so
7f8b423b7000-7f8b425b6000 ---p 00008000 ca:01 286357                     /usr/lib/jvm/java-8-openjdk-amd64/jre/lib/amd64/libzip.so
7f8b425b6000-7f8b425b7000 r--p 00007000 ca:01 286357                     /usr/lib/jvm/java-8-openjdk-amd64/jre/lib/amd64/libzip.so
7f8b425b7000-7f8b425b8000 rw-p 00008000 ca:01 286357                     /usr/lib/jvm/java-8-openjdk-amd64/jre/lib/amd64/libzip.so
7f8b425b8000-7f8b425c3000 r-xp 00000000 ca:01 1993                       /lib/x86_64-linux-gnu/libnss_files-2.23.so
7f8b425c3000-7f8b427c2000 ---p 0000b000 ca:01 1993                       /lib/x86_64-linux-gnu/libnss_files-2.23.so
7f8b427c2000-7f8b427c3000 r--p 0000a000 ca:01 1993                       /lib/x86_64-linux-gnu/libnss_files-2.23.so
7f8b427c3000-7f8b427c4000 rw-p 0000b000 ca:01 1993                       /lib/x86_64-linux-gnu/libnss_files-2.23.so
7f8b427c4000-7f8b427ca000 rw-p 00000000 00:00 0 
7f8b427ca000-7f8b427d5000 r-xp 00000000 ca:01 1997                       /lib/x86_64-linux-gnu/libnss_nis-2.23.so
7f8b427d5000-7f8b429d4000 ---p 0000b000 ca:01 1997                       /lib/x86_64-linux-gnu/libnss_nis-2.23.so
7f8b429d4000-7f8b429d5000 r--p 0000a000 ca:01 1997                       /lib/x86_64-linux-gnu/libnss_nis-2.23.so
7f8b429d5000-7f8b429d6000 rw-p 0000b000 ca:01 1997                       /lib/x86_64-linux-gnu/libnss_nis-2.23.so
7f8b429d6000-7f8b429ec000 r-xp 00000000 ca:01 1977                       /lib/x86_64-linux-gnu/libnsl-2.23.so
7f8b429ec000-7f8b42beb000 ---p 00016000 ca:01 1977                       /lib/x86_64-linux-gnu/libnsl-2.23.so
7f8b42beb000-7f8b42bec000 r--p 00015000 ca:01 1977                       /lib/x86_64-linux-gnu/libnsl-2.23.so
7f8b42bec000-7f8b42bed000 rw-p 00016000 ca:01 1977                       /lib/x86_64-linux-gnu/libnsl-2.23.so
7f8b42bed000-7f8b42bef000 rw-p 00000000 00:00 0 
7f8b42bef000-7f8b42bf7000 r-xp 00000000 ca:01 1988                       /lib/x86_64-linux-gnu/libnss_compat-2.23.so
7f8b42bf7000-7f8b42df6000 ---p 00008000 ca:01 1988                       /lib/x86_64-linux-gnu/libnss_compat-2.23.so
7f8b42df6000-7f8b42df7000 r--p 00007000 ca:01 1988                       /lib/x86_64-linux-gnu/libnss_compat-2.23.so
7f8b42df7000-7f8b42df8000 rw-p 00008000 ca:01 1988                       /lib/x86_64-linux-gnu/libnss_compat-2.23.so
7f8b42df8000-7f8b42e21000 r-xp 00000000 ca:01 286342                     /usr/lib/jvm/java-8-openjdk-amd64/jre/lib/amd64/libjava.so
7f8b42e21000-7f8b43020000 ---p 00029000 ca:01 286342                     /usr/lib/jvm/java-8-openjdk-amd64/jre/lib/amd64/libjava.so
7f8b43020000-7f8b43021000 r--p 00028000 ca:01 286342                     /usr/lib/jvm/java-8-openjdk-amd64/jre/lib/amd64/libjava.so
7f8b43021000-7f8b43023000 rw-p 00029000 ca:01 286342                     /usr/lib/jvm/java-8-openjdk-amd64/jre/lib/amd64/libjava.so
7f8b43023000-7f8b43032000 r-xp 00000000 ca:01 286359                     /usr/lib/jvm/java-8-openjdk-amd64/jre/lib/amd64/libverify.so
7f8b43032000-7f8b43231000 ---p 0000f000 ca:01 286359                     /usr/lib/jvm/java-8-openjdk-amd64/jre/lib/amd64/libverify.so
7f8b43231000-7f8b43233000 r--p 0000e000 ca:01 286359                     /usr/lib/jvm/java-8-openjdk-amd64/jre/lib/amd64/libverify.so
7f8b43233000-7f8b43234000 rw-p 00010000 ca:01 286359                     /usr/lib/jvm/java-8-openjdk-amd64/jre/lib/amd64/libverify.so
7f8b43234000-7f8b4323b000 r-xp 00000000 ca:01 1998                       /lib/x86_64-linux-gnu/librt-2.23.so
7f8b4323b000-7f8b4343a000 ---p 00007000 ca:01 1998                       /lib/x86_64-linux-gnu/librt-2.23.so
7f8b4343a000-7f8b4343b000 r--p 00006000 ca:01 1998                       /lib/x86_64-linux-gnu/librt-2.23.so
7f8b4343b000-7f8b4343c000 rw-p 00007000 ca:01 1998                       /lib/x86_64-linux-gnu/librt-2.23.so
7f8b4343c000-7f8b43452000 r-xp 00000000 ca:01 1975                       /lib/x86_64-linux-gnu/libgcc_s.so.1
7f8b43452000-7f8b43651000 ---p 00016000 ca:01 1975                       /lib/x86_64-linux-gnu/libgcc_s.so.1
7f8b43651000-7f8b43652000 rw-p 00015000 ca:01 1975                       /lib/x86_64-linux-gnu/libgcc_s.so.1
7f8b43652000-7f8b4375a000 r-xp 00000000 ca:01 1976                       /lib/x86_64-linux-gnu/libm-2.23.so
7f8b4375a000-7f8b43959000 ---p 00108000 ca:01 1976                       /lib/x86_64-linux-gnu/libm-2.23.so
7f8b43959000-7f8b4395a000 r--p 00107000 ca:01 1976                       /lib/x86_64-linux-gnu/libm-2.23.so
7f8b4395a000-7f8b4395b000 rw-p 00108000 ca:01 1976                       /lib/x86_64-linux-gnu/libm-2.23.so
7f8b4395b000-7f8b43acd000 r-xp 00000000 ca:01 7979                       /usr/lib/x86_64-linux-gnu/libstdc++.so.6.0.21
7f8b43acd000-7f8b43ccd000 ---p 00172000 ca:01 7979                       /usr/lib/x86_64-linux-gnu/libstdc++.so.6.0.21
7f8b43ccd000-7f8b43cd7000 r--p 00172000 ca:01 7979                       /usr/lib/x86_64-linux-gnu/libstdc++.so.6.0.21
7f8b43cd7000-7f8b43cd9000 rw-p 0017c000 ca:01 7979                       /usr/lib/x86_64-linux-gnu/libstdc++.so.6.0.21
7f8b43cd9000-7f8b43cdd000 rw-p 00000000 00:00 0 
7f8b43cdd000-7f8b44941000 r-xp 00000000 ca:01 286369                     /usr/lib/jvm/java-8-openjdk-amd64/jre/lib/amd64/server/libjvm.so
7f8b44941000-7f8b44b40000 ---p 00c64000 ca:01 286369                     /usr/lib/jvm/java-8-openjdk-amd64/jre/lib/amd64/server/libjvm.so
7f8b44b40000-7f8b44bd4000 r--p 00c63000 ca:01 286369                     /usr/lib/jvm/java-8-openjdk-amd64/jre/lib/amd64/server/libjvm.so
7f8b44bd4000-7f8b44bfd000 rw-p 00cf7000 ca:01 286369                     /usr/lib/jvm/java-8-openjdk-amd64/jre/lib/amd64/server/libjvm.so
7f8b44bfd000-7f8b44c2d000 rw-p 00000000 00:00 0 
7f8b44c2d000-7f8b44c45000 r-xp 00000000 ca:01 1979                       /lib/x86_64-linux-gnu/libpthread-2.23.so
7f8b44c45000-7f8b44e44000 ---p 00018000 ca:01 1979                       /lib/x86_64-linux-gnu/libpthread-2.23.so
7f8b44e44000-7f8b44e45000 r--p 00017000 ca:01 1979                       /lib/x86_64-linux-gnu/libpthread-2.23.so
7f8b44e45000-7f8b44e46000 rw-p 00018000 ca:01 1979                       /lib/x86_64-linux-gnu/libpthread-2.23.so
7f8b44e46000-7f8b44e4a000 rw-p 00000000 00:00 0 
7f8b44e4a000-7f8b44e4d000 r-xp 00000000 ca:01 1982                       /lib/x86_64-linux-gnu/libdl-2.23.so
7f8b44e4d000-7f8b4504c000 ---p 00003000 ca:01 1982                       /lib/x86_64-linux-gnu/libdl-2.23.so
7f8b4504c000-7f8b4504d000 r--p 00002000 ca:01 1982                       /lib/x86_64-linux-gnu/libdl-2.23.so
7f8b4504d000-7f8b4504e000 rw-p 00003000 ca:01 1982                       /lib/x86_64-linux-gnu/libdl-2.23.so
7f8b4504e000-7f8b45067000 r-xp 00000000 ca:01 2129                       /lib/x86_64-linux-gnu/libz.so.1.2.8
7f8b45067000-7f8b45266000 ---p 00019000 ca:01 2129                       /lib/x86_64-linux-gnu/libz.so.1.2.8
7f8b45266000-7f8b45267000 r--p 00018000 ca:01 2129                       /lib/x86_64-linux-gnu/libz.so.1.2.8
7f8b45267000-7f8b45268000 rw-p 00019000 ca:01 2129                       /lib/x86_64-linux-gnu/libz.so.1.2.8
7f8b45268000-7f8b45428000 r-xp 00000000 ca:01 1980                       /lib/x86_64-linux-gnu/libc-2.23.so
7f8b45428000-7f8b45628000 ---p 001c0000 ca:01 1980                       /lib/x86_64-linux-gnu/libc-2.23.so
7f8b45628000-7f8b4562c000 r--p 001c0000 ca:01 1980                       /lib/x86_64-linux-gnu/libc-2.23.so
7f8b4562c000-7f8b4562e000 rw-p 001c4000 ca:01 1980                       /lib/x86_64-linux-gnu/libc-2.23.so
7f8b4562e000-7f8b45632000 rw-p 00000000 00:00 0 
7f8b45632000-7f8b4563f000 r-xp 00000000 ca:01 286351                     /usr/lib/jvm/java-8-openjdk-amd64/jre/lib/amd64/jli/libjli.so
7f8b4563f000-7f8b4583e000 ---p 0000d000 ca:01 286351                     /usr/lib/jvm/java-8-openjdk-amd64/jre/lib/amd64/jli/libjli.so
7f8b4583e000-7f8b4583f000 r--p 0000c000 ca:01 286351                     /usr/lib/jvm/java-8-openjdk-amd64/jre/lib/amd64/jli/libjli.so
7f8b4583f000-7f8b45840000 rw-p 0000d000 ca:01 286351                     /usr/lib/jvm/java-8-openjdk-amd64/jre/lib/amd64/jli/libjli.so
7f8b45840000-7f8b45866000 r-xp 00000000 ca:01 1978                       /lib/x86_64-linux-gnu/ld-2.23.so
7f8b45866000-7f8b45867000 r--s 00009000 ca:01 261534                     /home/ubuntu/spark-2.1.1-bin-hadoop2.7/jars/hadoop-annotations-2.7.3.jar
7f8b45867000-7f8b45868000 r--s 00003000 ca:01 261827                     /home/ubuntu/spark-2.1.1-bin-hadoop2.7/jars/metrics-json-3.1.2.jar
7f8b45868000-7f8b4586a000 r--s 0000f000 ca:01 261715                     /home/ubuntu/spark-2.1.1-bin-hadoop2.7/jars/curator-client-2.6.0.jar
7f8b4586a000-7f8b4586d000 r--s 0000f000 ca:01 286318                     /usr/lib/jvm/java-8-openjdk-amd64/jre/lib/ext/icedtea-sound.jar
7f8b4586d000-7f8b4586e000 r--s 00010000 ca:01 286325                     /usr/lib/jvm/java-8-openjdk-amd64/jre/lib/ext/zipfs.jar
7f8b4586e000-7f8b45871000 r--s 00039000 ca:01 286321                     /usr/lib/jvm/java-8-openjdk-amd64/jre/lib/ext/sunpkcs11.jar
7f8b45871000-7f8b45872000 r--s 0000a000 ca:01 286320                     /usr/lib/jvm/java-8-openjdk-amd64/jre/lib/ext/jaccess.jar
7f8b45872000-7f8b45874000 r--s 00001000 ca:01 286323                     /usr/lib/jvm/java-8-openjdk-amd64/jre/lib/ext/dnsns.jar
7f8b45874000-7f8b4587e000 r--s 00116000 ca:01 286326                     /usr/lib/jvm/java-8-openjdk-amd64/jre/lib/ext/localedata.jar
7f8b4587e000-7f8b4594f000 rw-p 00000000 00:00 0 
7f8b4594f000-7f8b45957000 rw-s 00000000 ca:01 546140                     /tmp/hsperfdata_ubuntu/6196
7f8b45957000-7f8b4595a000 ---p 00000000 00:00 0 
7f8b4595a000-7f8b45a5c000 rw-p 00000000 00:00 0 
7f8b45a5c000-7f8b45a61000 r--s 0003c000 ca:01 286324                     /usr/lib/jvm/java-8-openjdk-amd64/jre/lib/ext/sunjce_provider.jar
7f8b45a61000-7f8b45a62000 r--s 0000d000 ca:01 286317                     /usr/lib/jvm/java-8-openjdk-amd64/jre/lib/ext/sunec.jar
7f8b45a62000-7f8b45a63000 rw-p 00000000 00:00 0 
7f8b45a63000-7f8b45a64000 ---p 00000000 00:00 0 
7f8b45a64000-7f8b45a65000 rw-p 00000000 00:00 0 
7f8b45a65000-7f8b45a66000 r--p 00025000 ca:01 1978                       /lib/x86_64-linux-gnu/ld-2.23.so
7f8b45a66000-7f8b45a67000 rw-p 00026000 ca:01 1978                       /lib/x86_64-linux-gnu/ld-2.23.so
7f8b45a67000-7f8b45a68000 rw-p 00000000 00:00 0 
7fffef8e1000-7fffef902000 rw-p 00000000 00:00 0                          [stack]
7fffef97d000-7fffef980000 r--p 00000000 00:00 0                          [vvar]
7fffef980000-7fffef982000 r-xp 00000000 00:00 0                          [vdso]
ffffffffff600000-ffffffffff601000 r-xp 00000000 00:00 0                  [vsyscall]

VM Arguments:
jvm_args: -Xmx1g 
java_command: org.apache.spark.deploy.SparkSubmit --conf spark.app.name=ANZ pyspark-shell
java_class_path (initial): /home/ubuntu/spark-2.1.1-bin-hadoop2.7/conf/:/home/ubuntu/spark-2.1.1-bin-hadoop2.7/jars/libthrift-0.9.3.jar:/home/ubuntu/spark-2.1.1-bin-hadoop2.7/jars/curator-client-2.6.0.jar:/home/ubuntu/spark-2.1.1-bin-hadoop2.7/jars/hk2-api-2.4.0-b34.jar:/home/ubuntu/spark-2.1.1-bin-hadoop2.7/jars/metrics-json-3.1.2.jar:/home/ubuntu/spark-2.1.1-bin-hadoop2.7/jars/metrics-graphite-3.1.2.jar:/home/ubuntu/spark-2.1.1-bin-hadoop2.7/jars/spire_2.11-0.7.4.jar:/home/ubuntu/spark-2.1.1-bin-hadoop2.7/jars/commons-pool-1.5.4.jar:/home/ubuntu/spark-2.1.1-bin-hadoop2.7/jars/netty-all-4.0.42.Final.jar:/home/ubuntu/spark-2.1.1-bin-hadoop2.7/jars/commons-dbcp-1.4.jar:/home/ubuntu/spark-2.1.1-bin-hadoop2.7/jars/xbean-asm5-shaded-4.4.jar:/home/ubuntu/spark-2.1.1-bin-hadoop2.7/jars/xercesImpl-2.9.1.jar:/home/ubuntu/spark-2.1.1-bin-hadoop2.7/jars/hadoop-annotations-2.7.3.jar:/home/ubuntu/spark-2.1.1-bin-hadoop2.7/jars/javassist-3.18.1-GA.jar:/home/ubuntu/spark-2.1.1-bin-hadoop2.7/jars/jersey-container-servlet-2.22.2.jar:/home/ubuntu/spark-2.1.1-bin-hadoop2.7/jars/base64-2.3.8.jar:/home/ubuntu/spark-2.1.1-bin-hadoop2.7/jars/scalap-2.11.8.jar:/home/ubuntu/spark-2.1.1-bin-hadoop2.7/jars/super-csv-2.2.0.jar:/home/ubuntu/spark-2.1.1-bin-hadoop2.7/jars/jul-to-slf4j-1.7.16.jar:/home/ubuntu/spark-2.1.1-bin-hadoop2.7/jars/hadoop-mapreduce-client-shuffle-2.7.3.jar:/home/ubuntu/spark-2.1.1-bin-hadoop2.7/jars/libfb303-0.9.3.jar:/home/ubuntu/spark-2.1.1-bin-hadoop2.7/jars/jdo-api-3.0.1.jar:/home/ubuntu/spark-2.1.1-bin-hadoop2.7/jars/jersey-guava-2.22.2.jar:/home/ubuntu/spark-2.1.1-bin-hadoop2.7/jars/arpack_combined_all-0.1.jar:/home/ubuntu/spark-2.1.1-bin-hadoop2.7/jars/scala-parser-combinators_2.11-1.0.4.jar:/home/ubuntu/spark-2.1.1-bin-hadoop2.7/jars/chill_2.11-0.8.0.jar:/home/ubuntu/spark-2.1.1-bin-hadoop2.7/jars/javax.annotation-api-1.2.jar:/home/ubuntu/spark-2.1.1-bin-hadoop2.7/jars/joda-time-2.9.3.jar:/home/ubuntu/spark-2.1.1-bin-hadoop2.7/jars/antlr-runtime-3.4.jar:/home/u
Launcher Type: SUN_STANDARD

Environment Variables:
PATH=/home/ubuntu/.local/bin:/home/ubuntu/bin:/home/ubuntu/.local/bin:/usr/local/sbin:/usr/local/bin:/usr/sbin:/usr/bin:/sbin:/bin:/usr/games:/usr/local/games:/snap/bin
SHELL=/bin/bash

Signal Handlers:
SIGSEGV: [libjvm.so+0xa783e0], sa_mask[0]=11111111011111111101111111111110, sa_flags=SA_RESTART|SA_SIGINFO
SIGBUS: [libjvm.so+0xa783e0], sa_mask[0]=11111111011111111101111111111110, sa_flags=SA_RESTART|SA_SIGINFO
SIGFPE: [libjvm.so+0x8c0e10], sa_mask[0]=11111111011111111101111111111110, sa_flags=SA_RESTART|SA_SIGINFO
SIGPIPE: [libjvm.so+0x8c0e10], sa_mask[0]=11111111011111111101111111111110, sa_flags=SA_RESTART|SA_SIGINFO
SIGXFSZ: [libjvm.so+0x8c0e10], sa_mask[0]=11111111011111111101111111111110, sa_flags=SA_RESTART|SA_SIGINFO
SIGILL: [libjvm.so+0x8c0e10], sa_mask[0]=11111111011111111101111111111110, sa_flags=SA_RESTART|SA_SIGINFO
SIGUSR1: SIG_DFL, sa_mask[0]=00000000000000000000000000000000, sa_flags=none
SIGUSR2: [libjvm.so+0x8c0cc0], sa_mask[0]=00000000000000000000000000000000, sa_flags=SA_RESTART|SA_SIGINFO
SIGHUP: [libjvm.so+0x8c1350], sa_mask[0]=11111111011111111101111111111110, sa_flags=SA_RESTART|SA_SIGINFO
SIGINT: SIG_IGN, sa_mask[0]=00000000000000000000000000000000, sa_flags=none
SIGTERM: [libjvm.so+0x8c1350], sa_mask[0]=11111111011111111101111111111110, sa_flags=SA_RESTART|SA_SIGINFO
SIGQUIT: [libjvm.so+0x8c1350], sa_mask[0]=11111111011111111101111111111110, sa_flags=SA_RESTART|SA_SIGINFO


---------------  S Y S T E M  ---------------

OS:DISTRIB_ID=Ubuntu
DISTRIB_RELEASE=16.04
DISTRIB_CODENAME=xenial
DISTRIB_DESCRIPTION="Ubuntu 16.04.4 LTS"

uname:Linux 4.4.0-1065-aws #75-Ubuntu SMP Fri Aug 10 11:14:32 UTC 2018 x86_64
libc:glibc 2.23 NPTL 2.23 
rlimit: STACK 8192k, CORE 0k, NPROC 3900, NOFILE 1048576, AS infinity
load average:1.44 0.38 0.13

/proc/meminfo:
MemTotal:        1014500 kB
MemFree:           68432 kB
MemAvailable:      15932 kB
Buffers:            2340 kB
Cached:            27632 kB
SwapCached:            0 kB
Active:           858676 kB
Inactive:          18700 kB
Active(anon):     850272 kB
Inactive(anon):    10344 kB
Active(file):       8404 kB
Inactive(file):     8356 kB
Unevictable:        3652 kB
Mlocked:            3652 kB
SwapTotal:             0 kB
SwapFree:              0 kB
Dirty:               776 kB
Writeback:             0 kB
AnonPages:        851132 kB
Mapped:            15436 kB
Shmem:             10712 kB
Slab:              39628 kB
SReclaimable:      21064 kB
SUnreclaim:        18564 kB
KernelStack:        4864 kB
PageTables:         6776 kB
NFS_Unstable:          0 kB
Bounce:                0 kB
WritebackTmp:          0 kB
CommitLimit:      507248 kB
Committed_AS:    1588064 kB
VmallocTotal:   34359738367 kB
VmallocUsed:           0 kB
VmallocChunk:          0 kB
HardwareCorrupted:     0 kB
AnonHugePages:    118784 kB
CmaTotal:              0 kB
CmaFree:               0 kB
HugePages_Total:       0
HugePages_Free:        0
HugePages_Rsvd:        0
HugePages_Surp:        0
Hugepagesize:       2048 kB
DirectMap4k:       51200 kB
DirectMap2M:      997376 kB

container (cgroup) information:
container_type: cgroupv1
cpu_cpuset_cpus: 0
cpu_memory_nodes: 0
active_processor_count: 1
cpu_quota: -1
cpu_period: 100000
cpu_shares: -1
memory_limit_in_bytes: -1
memory_and_swap_limit_in_bytes: -2
memory_soft_limit_in_bytes: -1
memory_usage_in_bytes: 866115584
memory_max_usage_in_bytes: 866115584


CPU:total 1 (initial active 1) (1 cores per cpu, 1 threads per core) family 6 model 63 stepping 2, cmov, cx8, fxsr, mmx, sse, sse2, sse3, ssse3, sse4.1, sse4.2, popcnt, avx, avx2, aes, clmul, erms, lzcnt, tsc, bmi1, bmi2

/proc/cpuinfo:
processor	: 0
vendor_id	: GenuineIntel
cpu family	: 6
model		: 63
model name	: Intel(R) Xeon(R) CPU E5-2676 v3 @ 2.40GHz
stepping	: 2
microcode	: 0x43
cpu MHz		: 2394.548
cache size	: 30720 KB
physical id	: 0
siblings	: 1
core id		: 0
cpu cores	: 1
apicid		: 0
initial apicid	: 0
fpu		: yes
fpu_exception	: yes
cpuid level	: 13
wp		: yes
flags		: fpu vme de pse tsc msr pae mce cx8 apic sep mtrr pge mca cmov pat pse36 clflush mmx fxsr sse sse2 ht syscall nx rdtscp lm constant_tsc rep_good nopl xtopology eagerfpu pni pclmulqdq ssse3 fma cx16 pcid sse4_1 sse4_2 x2apic movbe popcnt tsc_deadline_timer aes xsave avx f16c rdrand hypervisor lahf_lm abm invpcid_single kaiser fsgsbase bmi1 avx2 smep bmi2 erms invpcid xsaveopt
bugs		: cpu_meltdown spectre_v1 spectre_v2 spec_store_bypass l1tf
bogomips	: 4789.09
clflush size	: 64
cache_alignment	: 64
address sizes	: 46 bits physical, 48 bits virtual
power management:



Memory: 4k page, physical 1014500k(68308k free), swap 0k(0k free)

vm_info: OpenJDK 64-Bit Server VM (25.222-b10) for linux-amd64 JRE (1.8.0_222-8u222-b10-1ubuntu1~16.04.1-b10), built on Jul 18 2019 20:25:18 by "buildd" with gcc 5.4.0 20160609

time: Sat Oct 12 08:36:33 2019
timezone: UTC
elapsed time: 20 seconds (0d 0h 0m 20s)

